CRITICAL - 2023-03-23 11:28:04 --> The original file is not a valid file.
in SYSTEMPATH\HTTP\Files\UploadedFile.php on line 137.
 1 SYSTEMPATH\HTTP\Files\UploadedFile.php(137): CodeIgniter\HTTP\Exceptions\HTTPException::forInvalidFile()
 2 APPPATH\Controllers\Blog.php(40): CodeIgniter\HTTP\Files\UploadedFile->move('ROOTPATH\\upload', '1679570884_69c01be6c4e729bb3f4f')
 3 SYSTEMPATH\CodeIgniter.php(934): App\Controllers\Blog->insertRecord()
 4 SYSTEMPATH\CodeIgniter.php(499): CodeIgniter\CodeIgniter->runController(Object(App\Controllers\Blog))
 5 SYSTEMPATH\CodeIgniter.php(368): CodeIgniter\CodeIgniter->handleRequest(null, Object(Config\Cache), false)
 6 FCPATH\index.php(67): CodeIgniter\CodeIgniter->run()
 7 SYSTEMPATH\Commands\Server\rewrite.php(47): require_once('FCPATH\\index.php')
CRITICAL - 2023-03-23 11:36:25 --> Call to a member function getBasename() on null
in APPPATH\Controllers\Blog.php on line 40.
 1 SYSTEMPATH\CodeIgniter.php(934): App\Controllers\Blog->insertRecord()
 2 SYSTEMPATH\CodeIgniter.php(499): CodeIgniter\CodeIgniter->runController(Object(App\Controllers\Blog))
 3 SYSTEMPATH\CodeIgniter.php(368): CodeIgniter\CodeIgniter->handleRequest(null, Object(Config\Cache), false)
 4 FCPATH\index.php(67): CodeIgniter\CodeIgniter->run()
ERROR - 2023-03-23 11:51:39 --> mysqli_sql_exception: Column 'fname' cannot be null in C:\wamp64\www\CI_4\system\Database\MySQLi\Connection.php:295
Stack trace:
#0 C:\wamp64\www\CI_4\system\Database\MySQLi\Connection.php(295): mysqli->query('INSERT INTO `us...', 0)
#1 C:\wamp64\www\CI_4\system\Database\BaseConnection.php(691): CodeIgniter\Database\MySQLi\Connection->execute('INSERT INTO `us...')
#2 C:\wamp64\www\CI_4\system\Database\BaseConnection.php(605): CodeIgniter\Database\BaseConnection->simpleQuery('INSERT INTO `us...')
#3 C:\wamp64\www\CI_4\system\Database\BaseBuilder.php(2309): CodeIgniter\Database\BaseConnection->query('INSERT INTO `us...', Array, false)
#4 C:\wamp64\www\CI_4\system\Model.php(330): CodeIgniter\Database\BaseBuilder->insert()
#5 C:\wamp64\www\CI_4\system\BaseModel.php(782): CodeIgniter\Model->doInsert(Array)
#6 C:\wamp64\www\CI_4\system\Model.php(730): CodeIgniter\BaseModel->insert(Array, true)
#7 C:\wamp64\www\CI_4\app\Controllers\Blog.php(52): CodeIgniter\Model->insert(Array)
#8 C:\wamp64\www\CI_4\system\CodeIgniter.php(934): App\Controllers\Blog->insertRecord()
#9 C:\wamp64\www\CI_4\system\CodeIgniter.php(499): CodeIgniter\CodeIgniter->runController(Object(App\Controllers\Blog))
#10 C:\wamp64\www\CI_4\system\CodeIgniter.php(368): CodeIgniter\CodeIgniter->handleRequest(NULL, Object(Config\Cache), false)
#11 C:\wamp64\www\CI_4\public\index.php(67): CodeIgniter\CodeIgniter->run()
#12 C:\wamp64\www\CI_4\system\Commands\Server\rewrite.php(47): require_once('C:\\wamp64\\www\\C...')
#13 {main}
CRITICAL - 2023-03-23 11:51:39 --> Column 'fname' cannot be null
in SYSTEMPATH\Database\BaseConnection.php on line 645.
 1 SYSTEMPATH\Database\BaseBuilder.php(2309): CodeIgniter\Database\BaseConnection->query('INSERT INTO `user` (`fname`, `lname`, `email`) VALUES (:fname:, :lname:, :email:)', [...], false)
 2 SYSTEMPATH\Model.php(330): CodeIgniter\Database\BaseBuilder->insert()
 3 SYSTEMPATH\BaseModel.php(782): CodeIgniter\Model->doInsert([...])
 4 SYSTEMPATH\Model.php(730): CodeIgniter\BaseModel->insert([...], true)
 5 APPPATH\Controllers\Blog.php(52): CodeIgniter\Model->insert([...])
 6 SYSTEMPATH\CodeIgniter.php(934): App\Controllers\Blog->insertRecord()
 7 SYSTEMPATH\CodeIgniter.php(499): CodeIgniter\CodeIgniter->runController(Object(App\Controllers\Blog))
 8 SYSTEMPATH\CodeIgniter.php(368): CodeIgniter\CodeIgniter->handleRequest(null, Object(Config\Cache), false)
 9 FCPATH\index.php(67): CodeIgniter\CodeIgniter->run()
10 SYSTEMPATH\Commands\Server\rewrite.php(47): require_once('FCPATH\\index.php')
CRITICAL - 2023-03-23 11:52:10 --> Array to string conversion
in APPPATH\Controllers\Blog.php on line 53.
 1 APPPATH\Controllers\Blog.php(53): CodeIgniter\Debug\Exceptions->errorHandler(2, 'Array to string conversion', 'APPPATH\\Controllers\\Blog.php', 53)
 2 SYSTEMPATH\CodeIgniter.php(934): App\Controllers\Blog->insertRecord()
 3 SYSTEMPATH\CodeIgniter.php(499): CodeIgniter\CodeIgniter->runController(Object(App\Controllers\Blog))
 4 SYSTEMPATH\CodeIgniter.php(368): CodeIgniter\CodeIgniter->handleRequest(null, Object(Config\Cache), false)
 5 FCPATH\index.php(67): CodeIgniter\CodeIgniter->run()
 6 SYSTEMPATH\Commands\Server\rewrite.php(47): require_once('FCPATH\\index.php')
CRITICAL - 2023-03-23 11:56:39 --> The original file is not a valid file.
in SYSTEMPATH\HTTP\Files\UploadedFile.php on line 137.
 1 SYSTEMPATH\HTTP\Files\UploadedFile.php(137): CodeIgniter\HTTP\Exceptions\HTTPException::forInvalidFile()
 2 APPPATH\Controllers\Blog.php(45): CodeIgniter\HTTP\Files\UploadedFile->move('ROOTPATH\\upload', '1679572599_dbb67ce735b207573221')
 3 SYSTEMPATH\CodeIgniter.php(934): App\Controllers\Blog->insertRecord()
 4 SYSTEMPATH\CodeIgniter.php(499): CodeIgniter\CodeIgniter->runController(Object(App\Controllers\Blog))
 5 SYSTEMPATH\CodeIgniter.php(368): CodeIgniter\CodeIgniter->handleRequest(null, Object(Config\Cache), false)
 6 FCPATH\index.php(67): CodeIgniter\CodeIgniter->run()
 7 SYSTEMPATH\Commands\Server\rewrite.php(47): require_once('FCPATH\\index.php')
CRITICAL - 2023-03-23 11:56:47 --> The original file is not a valid file.
in SYSTEMPATH\HTTP\Files\UploadedFile.php on line 137.
 1 SYSTEMPATH\HTTP\Files\UploadedFile.php(137): CodeIgniter\HTTP\Exceptions\HTTPException::forInvalidFile()
 2 APPPATH\Controllers\Blog.php(45): CodeIgniter\HTTP\Files\UploadedFile->move('ROOTPATH\\upload', '1679572607_07ba0a3a8b528311dc23')
 3 SYSTEMPATH\CodeIgniter.php(934): App\Controllers\Blog->insertRecord()
 4 SYSTEMPATH\CodeIgniter.php(499): CodeIgniter\CodeIgniter->runController(Object(App\Controllers\Blog))
 5 SYSTEMPATH\CodeIgniter.php(368): CodeIgniter\CodeIgniter->handleRequest(null, Object(Config\Cache), false)
 6 FCPATH\index.php(67): CodeIgniter\CodeIgniter->run()
 7 SYSTEMPATH\Commands\Server\rewrite.php(47): require_once('FCPATH\\index.php')
CRITICAL - 2023-03-23 11:57:09 --> The original file is not a valid file.
in SYSTEMPATH\HTTP\Files\UploadedFile.php on line 137.
 1 SYSTEMPATH\HTTP\Files\UploadedFile.php(137): CodeIgniter\HTTP\Exceptions\HTTPException::forInvalidFile()
 2 APPPATH\Controllers\Blog.php(45): CodeIgniter\HTTP\Files\UploadedFile->move('ROOTPATH\\upload', '1679572629_08790ae1433767835a8d')
 3 SYSTEMPATH\CodeIgniter.php(934): App\Controllers\Blog->insertRecord()
 4 SYSTEMPATH\CodeIgniter.php(499): CodeIgniter\CodeIgniter->runController(Object(App\Controllers\Blog))
 5 SYSTEMPATH\CodeIgniter.php(368): CodeIgniter\CodeIgniter->handleRequest(null, Object(Config\Cache), false)
 6 FCPATH\index.php(67): CodeIgniter\CodeIgniter->run()
 7 SYSTEMPATH\Commands\Server\rewrite.php(47): require_once('FCPATH\\index.php')
CRITICAL - 2023-03-23 12:06:12 --> Invalid file: "register.php"
in SYSTEMPATH\Exceptions\FrameworkException.php on line 33.
 1 SYSTEMPATH\View\View.php(201): CodeIgniter\Exceptions\FrameworkException::forInvalidFile('register.php')
 2 SYSTEMPATH\Common.php(1184): CodeIgniter\View\View->render('register', [], true)
 3 APPPATH\Controllers\Blog.php(17): view('register')
 4 SYSTEMPATH\CodeIgniter.php(934): App\Controllers\Blog->register()
 5 SYSTEMPATH\CodeIgniter.php(499): CodeIgniter\CodeIgniter->runController(Object(App\Controllers\Blog))
 6 SYSTEMPATH\CodeIgniter.php(368): CodeIgniter\CodeIgniter->handleRequest(null, Object(Config\Cache), false)
 7 FCPATH\index.php(67): CodeIgniter\CodeIgniter->run()
 8 SYSTEMPATH\Commands\Server\rewrite.php(47): require_once('FCPATH\\index.php')
CRITICAL - 2023-03-23 12:06:20 --> Invalid file: "register.php"
in SYSTEMPATH\Exceptions\FrameworkException.php on line 33.
 1 SYSTEMPATH\View\View.php(201): CodeIgniter\Exceptions\FrameworkException::forInvalidFile('register.php')
 2 SYSTEMPATH\Common.php(1184): CodeIgniter\View\View->render('register', [], true)
 3 APPPATH\Controllers\Blog.php(17): view('register')
 4 SYSTEMPATH\CodeIgniter.php(934): App\Controllers\Blog->register()
 5 SYSTEMPATH\CodeIgniter.php(499): CodeIgniter\CodeIgniter->runController(Object(App\Controllers\Blog))
 6 SYSTEMPATH\CodeIgniter.php(368): CodeIgniter\CodeIgniter->handleRequest(null, Object(Config\Cache), false)
 7 FCPATH\index.php(67): CodeIgniter\CodeIgniter->run()
 8 SYSTEMPATH\Commands\Server\rewrite.php(47): require_once('FCPATH\\index.php')
CRITICAL - 2023-03-23 12:19:32 --> Invalid file: "Update.php"
in SYSTEMPATH\Exceptions\FrameworkException.php on line 33.
 1 SYSTEMPATH\View\View.php(201): CodeIgniter\Exceptions\FrameworkException::forInvalidFile('Update.php')
 2 SYSTEMPATH\Common.php(1184): CodeIgniter\View\View->render('Update', [], true)
 3 APPPATH\Controllers\Blog.php(71): view('Update')
 4 SYSTEMPATH\CodeIgniter.php(934): App\Controllers\Blog->update()
 5 SYSTEMPATH\CodeIgniter.php(499): CodeIgniter\CodeIgniter->runController(Object(App\Controllers\Blog))
 6 SYSTEMPATH\CodeIgniter.php(368): CodeIgniter\CodeIgniter->handleRequest(null, Object(Config\Cache), false)
 7 FCPATH\index.php(67): CodeIgniter\CodeIgniter->run()
 8 SYSTEMPATH\Commands\Server\rewrite.php(47): require_once('FCPATH\\index.php')
CRITICAL - 2023-03-23 12:49:50 --> Too few arguments to function App\Controllers\Blog::update(), 0 passed in C:\wamp64\www\CI_4\system\CodeIgniter.php on line 934 and exactly 1 expected
in APPPATH\Controllers\Blog.php on line 68.
 1 SYSTEMPATH\CodeIgniter.php(934): App\Controllers\Blog->update()
 2 SYSTEMPATH\CodeIgniter.php(499): CodeIgniter\CodeIgniter->runController(Object(App\Controllers\Blog))
 3 SYSTEMPATH\CodeIgniter.php(368): CodeIgniter\CodeIgniter->handleRequest(null, Object(Config\Cache), false)
 4 FCPATH\index.php(67): CodeIgniter\CodeIgniter->run()
 5 SYSTEMPATH\Commands\Server\rewrite.php(47): require_once('FCPATH\\index.php')
CRITICAL - 2023-03-23 12:50:04 --> view(): Argument #2 ($data) must be of type array, string given, called in C:\wamp64\www\CI_4\app\Controllers\Blog.php on line 73
in SYSTEMPATH\Common.php on line 1172.
 1 APPPATH\Controllers\Blog.php(73): view('Login/Update', '46')
 2 SYSTEMPATH\CodeIgniter.php(934): App\Controllers\Blog->update('46')
 3 SYSTEMPATH\CodeIgniter.php(499): CodeIgniter\CodeIgniter->runController(Object(App\Controllers\Blog))
 4 SYSTEMPATH\CodeIgniter.php(368): CodeIgniter\CodeIgniter->handleRequest(null, Object(Config\Cache), false)
 5 FCPATH\index.php(67): CodeIgniter\CodeIgniter->run()
 6 SYSTEMPATH\Commands\Server\rewrite.php(47): require_once('FCPATH\\index.php')
CRITICAL - 2023-03-23 12:50:20 --> view(): Argument #2 ($data) must be of type array, string given, called in C:\wamp64\www\CI_4\app\Controllers\Blog.php on line 73
in SYSTEMPATH\Common.php on line 1172.
 1 APPPATH\Controllers\Blog.php(73): view('Login/Update', '46')
 2 SYSTEMPATH\CodeIgniter.php(934): App\Controllers\Blog->update('46')
 3 SYSTEMPATH\CodeIgniter.php(499): CodeIgniter\CodeIgniter->runController(Object(App\Controllers\Blog))
 4 SYSTEMPATH\CodeIgniter.php(368): CodeIgniter\CodeIgniter->handleRequest(null, Object(Config\Cache), false)
 5 FCPATH\index.php(67): CodeIgniter\CodeIgniter->run()
 6 SYSTEMPATH\Commands\Server\rewrite.php(47): require_once('FCPATH\\index.php')
CRITICAL - 2023-03-23 12:50:22 --> view(): Argument #2 ($data) must be of type array, string given, called in C:\wamp64\www\CI_4\app\Controllers\Blog.php on line 73
in SYSTEMPATH\Common.php on line 1172.
 1 APPPATH\Controllers\Blog.php(73): view('Login/Update', '46')
 2 SYSTEMPATH\CodeIgniter.php(934): App\Controllers\Blog->update('46')
 3 SYSTEMPATH\CodeIgniter.php(499): CodeIgniter\CodeIgniter->runController(Object(App\Controllers\Blog))
 4 SYSTEMPATH\CodeIgniter.php(368): CodeIgniter\CodeIgniter->handleRequest(null, Object(Config\Cache), false)
 5 FCPATH\index.php(67): CodeIgniter\CodeIgniter->run()
 6 SYSTEMPATH\Commands\Server\rewrite.php(47): require_once('FCPATH\\index.php')
CRITICAL - 2023-03-23 12:50:45 --> view(): Argument #2 ($data) must be of type array, string given, called in C:\wamp64\www\CI_4\app\Controllers\Blog.php on line 73
in SYSTEMPATH\Common.php on line 1172.
 1 APPPATH\Controllers\Blog.php(73): view('Login/Update', '46')
 2 SYSTEMPATH\CodeIgniter.php(934): App\Controllers\Blog->update('46')
 3 SYSTEMPATH\CodeIgniter.php(499): CodeIgniter\CodeIgniter->runController(Object(App\Controllers\Blog))
 4 SYSTEMPATH\CodeIgniter.php(368): CodeIgniter\CodeIgniter->handleRequest(null, Object(Config\Cache), false)
 5 FCPATH\index.php(67): CodeIgniter\CodeIgniter->run()
 6 SYSTEMPATH\Commands\Server\rewrite.php(47): require_once('FCPATH\\index.php')
CRITICAL - 2023-03-23 12:50:47 --> Too few arguments to function App\Controllers\Blog::update(), 0 passed in C:\wamp64\www\CI_4\system\CodeIgniter.php on line 934 and exactly 1 expected
in APPPATH\Controllers\Blog.php on line 68.
 1 SYSTEMPATH\CodeIgniter.php(934): App\Controllers\Blog->update()
 2 SYSTEMPATH\CodeIgniter.php(499): CodeIgniter\CodeIgniter->runController(Object(App\Controllers\Blog))
 3 SYSTEMPATH\CodeIgniter.php(368): CodeIgniter\CodeIgniter->handleRequest(null, Object(Config\Cache), false)
 4 FCPATH\index.php(67): CodeIgniter\CodeIgniter->run()
 5 SYSTEMPATH\Commands\Server\rewrite.php(47): require_once('FCPATH\\index.php')
CRITICAL - 2023-03-23 12:51:33 --> view(): Argument #2 ($data) must be of type array, string given, called in C:\wamp64\www\CI_4\app\Controllers\Blog.php on line 73
in SYSTEMPATH\Common.php on line 1172.
 1 APPPATH\Controllers\Blog.php(73): view('Login/Update', '44')
 2 SYSTEMPATH\CodeIgniter.php(934): App\Controllers\Blog->update('44')
 3 SYSTEMPATH\CodeIgniter.php(499): CodeIgniter\CodeIgniter->runController(Object(App\Controllers\Blog))
 4 SYSTEMPATH\CodeIgniter.php(368): CodeIgniter\CodeIgniter->handleRequest(null, Object(Config\Cache), false)
 5 FCPATH\index.php(67): CodeIgniter\CodeIgniter->run()
 6 SYSTEMPATH\Commands\Server\rewrite.php(47): require_once('FCPATH\\index.php')
CRITICAL - 2023-03-23 12:52:12 --> view(): Argument #2 ($data) must be of type array, string given, called in C:\wamp64\www\CI_4\app\Controllers\Blog.php on line 73
in SYSTEMPATH\Common.php on line 1172.
 1 APPPATH\Controllers\Blog.php(73): view('Login/Update', '44')
 2 SYSTEMPATH\CodeIgniter.php(934): App\Controllers\Blog->update('44')
 3 SYSTEMPATH\CodeIgniter.php(499): CodeIgniter\CodeIgniter->runController(Object(App\Controllers\Blog))
 4 SYSTEMPATH\CodeIgniter.php(368): CodeIgniter\CodeIgniter->handleRequest(null, Object(Config\Cache), false)
 5 FCPATH\index.php(67): CodeIgniter\CodeIgniter->run()
 6 SYSTEMPATH\Commands\Server\rewrite.php(47): require_once('FCPATH\\index.php')
CRITICAL - 2023-03-23 12:52:51 --> view(): Argument #2 ($data) must be of type array, string given, called in C:\wamp64\www\CI_4\app\Controllers\Blog.php on line 73
in SYSTEMPATH\Common.php on line 1172.
 1 APPPATH\Controllers\Blog.php(73): view('Login/Update', '45')
 2 SYSTEMPATH\CodeIgniter.php(934): App\Controllers\Blog->update('45')
 3 SYSTEMPATH\CodeIgniter.php(499): CodeIgniter\CodeIgniter->runController(Object(App\Controllers\Blog))
 4 SYSTEMPATH\CodeIgniter.php(368): CodeIgniter\CodeIgniter->handleRequest(null, Object(Config\Cache), false)
 5 FCPATH\index.php(67): CodeIgniter\CodeIgniter->run()
 6 SYSTEMPATH\Commands\Server\rewrite.php(47): require_once('FCPATH\\index.php')
CRITICAL - 2023-03-23 12:53:08 --> view(): Argument #2 ($data) must be of type array, string given, called in C:\wamp64\www\CI_4\app\Controllers\Blog.php on line 73
in SYSTEMPATH\Common.php on line 1172.
 1 APPPATH\Controllers\Blog.php(73): view('Login/Update', '45')
 2 SYSTEMPATH\CodeIgniter.php(934): App\Controllers\Blog->update('45')
 3 SYSTEMPATH\CodeIgniter.php(499): CodeIgniter\CodeIgniter->runController(Object(App\Controllers\Blog))
 4 SYSTEMPATH\CodeIgniter.php(368): CodeIgniter\CodeIgniter->handleRequest(null, Object(Config\Cache), false)
 5 FCPATH\index.php(67): CodeIgniter\CodeIgniter->run()
 6 SYSTEMPATH\Commands\Server\rewrite.php(47): require_once('FCPATH\\index.php')
CRITICAL - 2023-03-23 12:53:21 --> view(): Argument #2 ($data) must be of type array, string given, called in C:\wamp64\www\CI_4\app\Controllers\Blog.php on line 73
in SYSTEMPATH\Common.php on line 1172.
 1 APPPATH\Controllers\Blog.php(73): view('Login/Update', '45')
 2 SYSTEMPATH\CodeIgniter.php(934): App\Controllers\Blog->update('45')
 3 SYSTEMPATH\CodeIgniter.php(499): CodeIgniter\CodeIgniter->runController(Object(App\Controllers\Blog))
 4 SYSTEMPATH\CodeIgniter.php(368): CodeIgniter\CodeIgniter->handleRequest(null, Object(Config\Cache), false)
 5 FCPATH\index.php(67): CodeIgniter\CodeIgniter->run()
 6 SYSTEMPATH\Commands\Server\rewrite.php(47): require_once('FCPATH\\index.php')
CRITICAL - 2023-03-23 12:54:13 --> view(): Argument #2 ($data) must be of type array, string given, called in C:\wamp64\www\CI_4\app\Controllers\Blog.php on line 73
in SYSTEMPATH\Common.php on line 1172.
 1 APPPATH\Controllers\Blog.php(73): view('Login/Update', '43')
 2 SYSTEMPATH\CodeIgniter.php(934): App\Controllers\Blog->update('43')
 3 SYSTEMPATH\CodeIgniter.php(499): CodeIgniter\CodeIgniter->runController(Object(App\Controllers\Blog))
 4 SYSTEMPATH\CodeIgniter.php(368): CodeIgniter\CodeIgniter->handleRequest(null, Object(Config\Cache), false)
 5 FCPATH\index.php(67): CodeIgniter\CodeIgniter->run()
 6 SYSTEMPATH\Commands\Server\rewrite.php(47): require_once('FCPATH\\index.php')
CRITICAL - 2023-03-23 12:55:29 --> Too few arguments to function App\Controllers\Blog::update(), 0 passed in C:\wamp64\www\CI_4\system\CodeIgniter.php on line 934 and exactly 1 expected
in APPPATH\Controllers\Blog.php on line 68.
 1 SYSTEMPATH\CodeIgniter.php(934): App\Controllers\Blog->update()
 2 SYSTEMPATH\CodeIgniter.php(499): CodeIgniter\CodeIgniter->runController(Object(App\Controllers\Blog))
 3 SYSTEMPATH\CodeIgniter.php(368): CodeIgniter\CodeIgniter->handleRequest(null, Object(Config\Cache), false)
 4 FCPATH\index.php(67): CodeIgniter\CodeIgniter->run()
 5 SYSTEMPATH\Commands\Server\rewrite.php(47): require_once('FCPATH\\index.php')
CRITICAL - 2023-03-23 12:55:38 --> view(): Argument #2 ($data) must be of type array, string given, called in C:\wamp64\www\CI_4\app\Controllers\Blog.php on line 73
in SYSTEMPATH\Common.php on line 1172.
 1 APPPATH\Controllers\Blog.php(73): view('Login/Update', '43')
 2 SYSTEMPATH\CodeIgniter.php(934): App\Controllers\Blog->update('43')
 3 SYSTEMPATH\CodeIgniter.php(499): CodeIgniter\CodeIgniter->runController(Object(App\Controllers\Blog))
 4 SYSTEMPATH\CodeIgniter.php(368): CodeIgniter\CodeIgniter->handleRequest(null, Object(Config\Cache), false)
 5 FCPATH\index.php(67): CodeIgniter\CodeIgniter->run()
 6 SYSTEMPATH\Commands\Server\rewrite.php(47): require_once('FCPATH\\index.php')
CRITICAL - 2023-03-23 12:58:10 --> Too few arguments to function App\Controllers\Blog::update(), 0 passed in C:\wamp64\www\CI_4\system\CodeIgniter.php on line 934 and exactly 1 expected
in APPPATH\Controllers\Blog.php on line 68.
 1 SYSTEMPATH\CodeIgniter.php(934): App\Controllers\Blog->update()
 2 SYSTEMPATH\CodeIgniter.php(499): CodeIgniter\CodeIgniter->runController(Object(App\Controllers\Blog))
 3 SYSTEMPATH\CodeIgniter.php(368): CodeIgniter\CodeIgniter->handleRequest(null, Object(Config\Cache), false)
 4 FCPATH\index.php(67): CodeIgniter\CodeIgniter->run()
 5 SYSTEMPATH\Commands\Server\rewrite.php(47): require_once('FCPATH\\index.php')
CRITICAL - 2023-03-23 12:58:29 --> view(): Argument #2 ($data) must be of type array, string given, called in C:\wamp64\www\CI_4\app\Controllers\Blog.php on line 73
in SYSTEMPATH\Common.php on line 1172.
 1 APPPATH\Controllers\Blog.php(73): view('Login/Update', '43')
 2 SYSTEMPATH\CodeIgniter.php(934): App\Controllers\Blog->update('43')
 3 SYSTEMPATH\CodeIgniter.php(499): CodeIgniter\CodeIgniter->runController(Object(App\Controllers\Blog))
 4 SYSTEMPATH\CodeIgniter.php(368): CodeIgniter\CodeIgniter->handleRequest(null, Object(Config\Cache), false)
 5 FCPATH\index.php(67): CodeIgniter\CodeIgniter->run()
 6 SYSTEMPATH\Commands\Server\rewrite.php(47): require_once('FCPATH\\index.php')
CRITICAL - 2023-03-23 13:00:10 --> view(): Argument #2 ($data) must be of type array, string given, called in C:\wamp64\www\CI_4\app\Controllers\Blog.php on line 73
in SYSTEMPATH\Common.php on line 1172.
 1 APPPATH\Controllers\Blog.php(73): view('Login/Update', '46')
 2 SYSTEMPATH\CodeIgniter.php(934): App\Controllers\Blog->update('46')
 3 SYSTEMPATH\CodeIgniter.php(499): CodeIgniter\CodeIgniter->runController(Object(App\Controllers\Blog))
 4 SYSTEMPATH\CodeIgniter.php(368): CodeIgniter\CodeIgniter->handleRequest(null, Object(Config\Cache), false)
 5 FCPATH\index.php(67): CodeIgniter\CodeIgniter->run()
 6 SYSTEMPATH\Commands\Server\rewrite.php(47): require_once('FCPATH\\index.php')
CRITICAL - 2023-03-23 13:07:38 --> Call to undefined method App\Models\UserModel::findID
in SYSTEMPATH\Model.php on line 842.
 1 APPPATH\Controllers\Blog.php(70): CodeIgniter\Model->__call('findID', [])
 2 SYSTEMPATH\CodeIgniter.php(934): App\Controllers\Blog->update('46')
 3 SYSTEMPATH\CodeIgniter.php(499): CodeIgniter\CodeIgniter->runController(Object(App\Controllers\Blog))
 4 SYSTEMPATH\CodeIgniter.php(368): CodeIgniter\CodeIgniter->handleRequest(null, Object(Config\Cache), false)
 5 FCPATH\index.php(67): CodeIgniter\CodeIgniter->run()
 6 SYSTEMPATH\Commands\Server\rewrite.php(47): require_once('FCPATH\\index.php')
CRITICAL - 2023-03-23 13:07:58 --> Call to undefined method App\Models\UserModel::findId
in SYSTEMPATH\Model.php on line 842.
 1 APPPATH\Controllers\Blog.php(70): CodeIgniter\Model->__call('findId', [])
 2 SYSTEMPATH\CodeIgniter.php(934): App\Controllers\Blog->update('46')
 3 SYSTEMPATH\CodeIgniter.php(499): CodeIgniter\CodeIgniter->runController(Object(App\Controllers\Blog))
 4 SYSTEMPATH\CodeIgniter.php(368): CodeIgniter\CodeIgniter->handleRequest(null, Object(Config\Cache), false)
 5 FCPATH\index.php(67): CodeIgniter\CodeIgniter->run()
 6 SYSTEMPATH\Commands\Server\rewrite.php(47): require_once('FCPATH\\index.php')
CRITICAL - 2023-03-23 13:08:14 --> Call to undefined method App\Models\UserModel::findId
in SYSTEMPATH\Model.php on line 842.
 1 APPPATH\Controllers\Blog.php(70): CodeIgniter\Model->__call('findId', [])
 2 SYSTEMPATH\CodeIgniter.php(934): App\Controllers\Blog->update('46')
 3 SYSTEMPATH\CodeIgniter.php(499): CodeIgniter\CodeIgniter->runController(Object(App\Controllers\Blog))
 4 SYSTEMPATH\CodeIgniter.php(368): CodeIgniter\CodeIgniter->handleRequest(null, Object(Config\Cache), false)
 5 FCPATH\index.php(67): CodeIgniter\CodeIgniter->run()
 6 SYSTEMPATH\Commands\Server\rewrite.php(47): require_once('FCPATH\\index.php')
CRITICAL - 2023-03-23 13:08:26 --> Call to undefined method App\Models\UserModel::findId
in SYSTEMPATH\Model.php on line 842.
 1 APPPATH\Controllers\Blog.php(70): CodeIgniter\Model->__call('findId', [])
 2 SYSTEMPATH\CodeIgniter.php(934): App\Controllers\Blog->update('46')
 3 SYSTEMPATH\CodeIgniter.php(499): CodeIgniter\CodeIgniter->runController(Object(App\Controllers\Blog))
 4 SYSTEMPATH\CodeIgniter.php(368): CodeIgniter\CodeIgniter->handleRequest(null, Object(Config\Cache), false)
 5 FCPATH\index.php(67): CodeIgniter\CodeIgniter->run()
 6 SYSTEMPATH\Commands\Server\rewrite.php(47): require_once('FCPATH\\index.php')
CRITICAL - 2023-03-23 13:11:31 --> Undefined variable $id
in APPPATH\Views\Login\Update.php on line 35.
 1 APPPATH\Views\Login\Update.php(35): CodeIgniter\Debug\Exceptions->errorHandler(2, 'Undefined variable $id', 'APPPATH\\Views\\Login\\Update.php', 35)
 2 SYSTEMPATH\View\View.php(213): include('APPPATH\\Views\\Login\\Update.php')
 3 SYSTEMPATH\View\View.php(216): CodeIgniter\View\View->CodeIgniter\View\{closure}()
 4 SYSTEMPATH\Common.php(1184): CodeIgniter\View\View->render('Login/Update', [], true)
 5 APPPATH\Controllers\Blog.php(72): view('Login/Update', [...])
 6 SYSTEMPATH\CodeIgniter.php(934): App\Controllers\Blog->update('45')
 7 SYSTEMPATH\CodeIgniter.php(499): CodeIgniter\CodeIgniter->runController(Object(App\Controllers\Blog))
 8 SYSTEMPATH\CodeIgniter.php(368): CodeIgniter\CodeIgniter->handleRequest(null, Object(Config\Cache), false)
 9 FCPATH\index.php(67): CodeIgniter\CodeIgniter->run()
10 SYSTEMPATH\Commands\Server\rewrite.php(47): require_once('FCPATH\\index.php')
CRITICAL - 2023-03-23 13:14:00 --> Undefined variable $get
in APPPATH\Views\Login\Update.php on line 23.
 1 APPPATH\Views\Login\Update.php(23): CodeIgniter\Debug\Exceptions->errorHandler(2, 'Undefined variable $get', 'APPPATH\\Views\\Login\\Update.php', 23)
 2 SYSTEMPATH\View\View.php(213): include('APPPATH\\Views\\Login\\Update.php')
 3 SYSTEMPATH\View\View.php(216): CodeIgniter\View\View->CodeIgniter\View\{closure}()
 4 SYSTEMPATH\Common.php(1184): CodeIgniter\View\View->render('Login/Update', [], true)
 5 APPPATH\Controllers\Blog.php(72): view('Login/Update', [...])
 6 SYSTEMPATH\CodeIgniter.php(934): App\Controllers\Blog->update('44')
 7 SYSTEMPATH\CodeIgniter.php(499): CodeIgniter\CodeIgniter->runController(Object(App\Controllers\Blog))
 8 SYSTEMPATH\CodeIgniter.php(368): CodeIgniter\CodeIgniter->handleRequest(null, Object(Config\Cache), false)
 9 FCPATH\index.php(67): CodeIgniter\CodeIgniter->run()
10 SYSTEMPATH\Commands\Server\rewrite.php(47): require_once('FCPATH\\index.php')
CRITICAL - 2023-03-23 13:14:52 --> Undefined array key "id"
in APPPATH\Views\Login\Update.php on line 23.
 1 APPPATH\Views\Login\Update.php(23): CodeIgniter\Debug\Exceptions->errorHandler(2, 'Undefined array key "id"', 'APPPATH\\Views\\Login\\Update.php', 23)
 2 SYSTEMPATH\View\View.php(213): include('APPPATH\\Views\\Login\\Update.php')
 3 SYSTEMPATH\View\View.php(216): CodeIgniter\View\View->CodeIgniter\View\{closure}()
 4 SYSTEMPATH\Common.php(1184): CodeIgniter\View\View->render('Login/Update', [], true)
 5 APPPATH\Controllers\Blog.php(72): view('Login/Update', [...])
 6 SYSTEMPATH\CodeIgniter.php(934): App\Controllers\Blog->update('44')
 7 SYSTEMPATH\CodeIgniter.php(499): CodeIgniter\CodeIgniter->runController(Object(App\Controllers\Blog))
 8 SYSTEMPATH\CodeIgniter.php(368): CodeIgniter\CodeIgniter->handleRequest(null, Object(Config\Cache), false)
 9 FCPATH\index.php(67): CodeIgniter\CodeIgniter->run()
10 SYSTEMPATH\Commands\Server\rewrite.php(47): require_once('FCPATH\\index.php')
CRITICAL - 2023-03-23 13:14:56 --> Undefined array key "id"
in APPPATH\Views\Login\Update.php on line 23.
 1 APPPATH\Views\Login\Update.php(23): CodeIgniter\Debug\Exceptions->errorHandler(2, 'Undefined array key "id"', 'APPPATH\\Views\\Login\\Update.php', 23)
 2 SYSTEMPATH\View\View.php(213): include('APPPATH\\Views\\Login\\Update.php')
 3 SYSTEMPATH\View\View.php(216): CodeIgniter\View\View->CodeIgniter\View\{closure}()
 4 SYSTEMPATH\Common.php(1184): CodeIgniter\View\View->render('Login/Update', [], true)
 5 APPPATH\Controllers\Blog.php(72): view('Login/Update', [...])
 6 SYSTEMPATH\CodeIgniter.php(934): App\Controllers\Blog->update('45')
 7 SYSTEMPATH\CodeIgniter.php(499): CodeIgniter\CodeIgniter->runController(Object(App\Controllers\Blog))
 8 SYSTEMPATH\CodeIgniter.php(368): CodeIgniter\CodeIgniter->handleRequest(null, Object(Config\Cache), false)
 9 FCPATH\index.php(67): CodeIgniter\CodeIgniter->run()
10 SYSTEMPATH\Commands\Server\rewrite.php(47): require_once('FCPATH\\index.php')
CRITICAL - 2023-03-23 13:14:59 --> Undefined array key "id"
in APPPATH\Views\Login\Update.php on line 23.
 1 APPPATH\Views\Login\Update.php(23): CodeIgniter\Debug\Exceptions->errorHandler(2, 'Undefined array key "id"', 'APPPATH\\Views\\Login\\Update.php', 23)
 2 SYSTEMPATH\View\View.php(213): include('APPPATH\\Views\\Login\\Update.php')
 3 SYSTEMPATH\View\View.php(216): CodeIgniter\View\View->CodeIgniter\View\{closure}()
 4 SYSTEMPATH\Common.php(1184): CodeIgniter\View\View->render('Login/Update', [], true)
 5 APPPATH\Controllers\Blog.php(72): view('Login/Update', [...])
 6 SYSTEMPATH\CodeIgniter.php(934): App\Controllers\Blog->update('44')
 7 SYSTEMPATH\CodeIgniter.php(499): CodeIgniter\CodeIgniter->runController(Object(App\Controllers\Blog))
 8 SYSTEMPATH\CodeIgniter.php(368): CodeIgniter\CodeIgniter->handleRequest(null, Object(Config\Cache), false)
 9 FCPATH\index.php(67): CodeIgniter\CodeIgniter->run()
10 SYSTEMPATH\Commands\Server\rewrite.php(47): require_once('FCPATH\\index.php')
CRITICAL - 2023-03-23 13:16:26 --> Attempt to read property "get" on array
in APPPATH\Views\Login\Update.php on line 23.
 1 APPPATH\Views\Login\Update.php(23): CodeIgniter\Debug\Exceptions->errorHandler(2, 'Attempt to read property "get" on array', 'APPPATH\\Views\\Login\\Update.php', 23)
 2 SYSTEMPATH\View\View.php(213): include('APPPATH\\Views\\Login\\Update.php')
 3 SYSTEMPATH\View\View.php(216): CodeIgniter\View\View->CodeIgniter\View\{closure}()
 4 SYSTEMPATH\Common.php(1184): CodeIgniter\View\View->render('Login/Update', [], true)
 5 APPPATH\Controllers\Blog.php(72): view('Login/Update', [...])
 6 SYSTEMPATH\CodeIgniter.php(934): App\Controllers\Blog->update('43')
 7 SYSTEMPATH\CodeIgniter.php(499): CodeIgniter\CodeIgniter->runController(Object(App\Controllers\Blog))
 8 SYSTEMPATH\CodeIgniter.php(368): CodeIgniter\CodeIgniter->handleRequest(null, Object(Config\Cache), false)
 9 FCPATH\index.php(67): CodeIgniter\CodeIgniter->run()
10 SYSTEMPATH\Commands\Server\rewrite.php(47): require_once('FCPATH\\index.php')
CRITICAL - 2023-03-23 13:18:37 --> The route for "Login/list" cannot be found.
in SYSTEMPATH\HTTP\RedirectResponse.php on line 60.
 1 SYSTEMPATH\HTTP\RedirectResponse.php(60): CodeIgniter\HTTP\Exceptions\HTTPException::forInvalidRedirectRoute('Login/list')
 2 SYSTEMPATH\Common.php(880): CodeIgniter\HTTP\RedirectResponse->route(false)
 3 APPPATH\Controllers\Blog.php(74): redirect('Login/list')
 4 SYSTEMPATH\CodeIgniter.php(934): App\Controllers\Blog->update('44')
 5 SYSTEMPATH\CodeIgniter.php(499): CodeIgniter\CodeIgniter->runController(Object(App\Controllers\Blog))
 6 SYSTEMPATH\CodeIgniter.php(368): CodeIgniter\CodeIgniter->handleRequest(null, Object(Config\Cache), false)
 7 FCPATH\index.php(67): CodeIgniter\CodeIgniter->run()
 8 SYSTEMPATH\Commands\Server\rewrite.php(47): require_once('FCPATH\\index.php')
CRITICAL - 2023-03-23 13:18:57 --> Too few arguments to function App\Controllers\Blog::update(), 0 passed in C:\wamp64\www\CI_4\system\CodeIgniter.php on line 934 and exactly 1 expected
in APPPATH\Controllers\Blog.php on line 67.
 1 SYSTEMPATH\CodeIgniter.php(934): App\Controllers\Blog->update()
 2 SYSTEMPATH\CodeIgniter.php(499): CodeIgniter\CodeIgniter->runController(Object(App\Controllers\Blog))
 3 SYSTEMPATH\CodeIgniter.php(368): CodeIgniter\CodeIgniter->handleRequest(null, Object(Config\Cache), false)
 4 FCPATH\index.php(67): CodeIgniter\CodeIgniter->run()
 5 SYSTEMPATH\Commands\Server\rewrite.php(47): require_once('FCPATH\\index.php')
CRITICAL - 2023-03-23 13:20:44 --> There is no data to update.
in SYSTEMPATH\BaseModel.php on line 924.
 1 SYSTEMPATH\BaseModel.php(924): CodeIgniter\Database\Exceptions\DataException::forEmptyDataset('update')
 2 SYSTEMPATH\Model.php(756): CodeIgniter\BaseModel->update([...], [])
 3 APPPATH\Controllers\Blog.php(72): CodeIgniter\Model->update('45', [...])
 4 SYSTEMPATH\CodeIgniter.php(934): App\Controllers\Blog->update('45')
 5 SYSTEMPATH\CodeIgniter.php(499): CodeIgniter\CodeIgniter->runController(Object(App\Controllers\Blog))
 6 SYSTEMPATH\CodeIgniter.php(368): CodeIgniter\CodeIgniter->handleRequest(null, Object(Config\Cache), false)
 7 FCPATH\index.php(67): CodeIgniter\CodeIgniter->run()
 8 SYSTEMPATH\Commands\Server\rewrite.php(47): require_once('FCPATH\\index.php')
CRITICAL - 2023-03-23 13:22:45 --> There is no data to update.
in SYSTEMPATH\BaseModel.php on line 924.
 1 SYSTEMPATH\BaseModel.php(924): CodeIgniter\Database\Exceptions\DataException::forEmptyDataset('update')
 2 SYSTEMPATH\Model.php(756): CodeIgniter\BaseModel->update([...], [])
 3 APPPATH\Controllers\Blog.php(73): CodeIgniter\Model->update('43', [...])
 4 SYSTEMPATH\CodeIgniter.php(934): App\Controllers\Blog->update('43')
 5 SYSTEMPATH\CodeIgniter.php(499): CodeIgniter\CodeIgniter->runController(Object(App\Controllers\Blog))
 6 SYSTEMPATH\CodeIgniter.php(368): CodeIgniter\CodeIgniter->handleRequest(null, Object(Config\Cache), false)
 7 FCPATH\index.php(67): CodeIgniter\CodeIgniter->run()
 8 SYSTEMPATH\Commands\Server\rewrite.php(47): require_once('FCPATH\\index.php')
