CRITICAL - 2023-03-18 04:49:06 --> Object of class App\Models\UserModel could not be converted to string
in APPPATH\Models\UserModel.php on line 20.
 1 APPPATH\Controllers\Blog.php(30): App\Models\UserModel->insertRec()
 2 SYSTEMPATH\CodeIgniter.php(934): App\Controllers\Blog->insertRecord()
 3 SYSTEMPATH\CodeIgniter.php(499): CodeIgniter\CodeIgniter->runController(Object(App\Controllers\Blog))
 4 SYSTEMPATH\CodeIgniter.php(368): CodeIgniter\CodeIgniter->handleRequest(null, Object(Config\Cache), false)
 5 FCPATH\index.php(67): CodeIgniter\CodeIgniter->run()
CRITICAL - 2023-03-18 04:50:50 --> Object of class App\Models\UserModel could not be converted to string
in APPPATH\Models\UserModel.php on line 20.
 1 APPPATH\Controllers\Blog.php(30): App\Models\UserModel->insertRec()
 2 SYSTEMPATH\CodeIgniter.php(934): App\Controllers\Blog->insertRecord()
 3 SYSTEMPATH\CodeIgniter.php(499): CodeIgniter\CodeIgniter->runController(Object(App\Controllers\Blog))
 4 SYSTEMPATH\CodeIgniter.php(368): CodeIgniter\CodeIgniter->handleRequest(null, Object(Config\Cache), false)
 5 FCPATH\index.php(67): CodeIgniter\CodeIgniter->run()
CRITICAL - 2023-03-18 04:54:05 --> Object of class App\Models\UserModel could not be converted to string
in APPPATH\Models\UserModel.php on line 20.
 1 APPPATH\Controllers\Blog.php(30): App\Models\UserModel->insertRec()
 2 SYSTEMPATH\CodeIgniter.php(934): App\Controllers\Blog->insertRecord()
 3 SYSTEMPATH\CodeIgniter.php(499): CodeIgniter\CodeIgniter->runController(Object(App\Controllers\Blog))
 4 SYSTEMPATH\CodeIgniter.php(368): CodeIgniter\CodeIgniter->handleRequest(null, Object(Config\Cache), false)
 5 FCPATH\index.php(67): CodeIgniter\CodeIgniter->run()
CRITICAL - 2023-03-18 04:55:20 --> Object of class App\Models\UserModel could not be converted to string
in APPPATH\Models\UserModel.php on line 20.
 1 APPPATH\Controllers\Blog.php(30): App\Models\UserModel->insertRec()
 2 SYSTEMPATH\CodeIgniter.php(934): App\Controllers\Blog->insertRecord()
 3 SYSTEMPATH\CodeIgniter.php(499): CodeIgniter\CodeIgniter->runController(Object(App\Controllers\Blog))
 4 SYSTEMPATH\CodeIgniter.php(368): CodeIgniter\CodeIgniter->handleRequest(null, Object(Config\Cache), false)
 5 FCPATH\index.php(67): CodeIgniter\CodeIgniter->run()
CRITICAL - 2023-03-18 04:56:41 --> Object of class App\Models\UserModel could not be converted to string
in APPPATH\Models\UserModel.php on line 20.
 1 APPPATH\Controllers\Blog.php(30): App\Models\UserModel->insertRec()
 2 SYSTEMPATH\CodeIgniter.php(934): App\Controllers\Blog->insertRecord()
 3 SYSTEMPATH\CodeIgniter.php(499): CodeIgniter\CodeIgniter->runController(Object(App\Controllers\Blog))
 4 SYSTEMPATH\CodeIgniter.php(368): CodeIgniter\CodeIgniter->handleRequest(null, Object(Config\Cache), false)
 5 FCPATH\index.php(67): CodeIgniter\CodeIgniter->run()
CRITICAL - 2023-03-18 04:59:42 --> Object of class App\Models\UserModel could not be converted to string
in APPPATH\Models\UserModel.php on line 20.
 1 APPPATH\Controllers\Blog.php(30): App\Models\UserModel->insertRec()
 2 SYSTEMPATH\CodeIgniter.php(934): App\Controllers\Blog->insertRecord()
 3 SYSTEMPATH\CodeIgniter.php(499): CodeIgniter\CodeIgniter->runController(Object(App\Controllers\Blog))
 4 SYSTEMPATH\CodeIgniter.php(368): CodeIgniter\CodeIgniter->handleRequest(null, Object(Config\Cache), false)
 5 FCPATH\index.php(67): CodeIgniter\CodeIgniter->run()
CRITICAL - 2023-03-18 05:08:21 --> Object of class App\Models\UserModel could not be converted to string
in APPPATH\Models\UserModel.php on line 21.
 1 APPPATH\Controllers\Blog.php(30): App\Models\UserModel->insertRec()
 2 SYSTEMPATH\CodeIgniter.php(934): App\Controllers\Blog->insertRecord()
 3 SYSTEMPATH\CodeIgniter.php(499): CodeIgniter\CodeIgniter->runController(Object(App\Controllers\Blog))
 4 SYSTEMPATH\CodeIgniter.php(368): CodeIgniter\CodeIgniter->handleRequest(null, Object(Config\Cache), false)
 5 FCPATH\index.php(67): CodeIgniter\CodeIgniter->run()
CRITICAL - 2023-03-18 05:17:12 --> Object of class App\Models\UserModel could not be converted to string
in APPPATH\Models\UserModel.php on line 21.
 1 APPPATH\Controllers\Blog.php(30): App\Models\UserModel->insertRec()
 2 SYSTEMPATH\CodeIgniter.php(934): App\Controllers\Blog->insertRecord()
 3 SYSTEMPATH\CodeIgniter.php(499): CodeIgniter\CodeIgniter->runController(Object(App\Controllers\Blog))
 4 SYSTEMPATH\CodeIgniter.php(368): CodeIgniter\CodeIgniter->handleRequest(null, Object(Config\Cache), false)
 5 FCPATH\index.php(67): CodeIgniter\CodeIgniter->run()
CRITICAL - 2023-03-18 05:17:33 --> Call to a member function getVar() on null
in APPPATH\Models\UserModel.php on line 21.
 1 APPPATH\Controllers\Blog.php(30): App\Models\UserModel->insertRec()
 2 SYSTEMPATH\CodeIgniter.php(934): App\Controllers\Blog->insertRecord()
 3 SYSTEMPATH\CodeIgniter.php(499): CodeIgniter\CodeIgniter->runController(Object(App\Controllers\Blog))
 4 SYSTEMPATH\CodeIgniter.php(368): CodeIgniter\CodeIgniter->handleRequest(null, Object(Config\Cache), false)
 5 FCPATH\index.php(67): CodeIgniter\CodeIgniter->run()
CRITICAL - 2023-03-18 05:17:51 --> Call to a member function getVar() on null
in APPPATH\Models\UserModel.php on line 21.
 1 APPPATH\Controllers\Blog.php(30): App\Models\UserModel->insertRec()
 2 SYSTEMPATH\CodeIgniter.php(934): App\Controllers\Blog->insertRecord()
 3 SYSTEMPATH\CodeIgniter.php(499): CodeIgniter\CodeIgniter->runController(Object(App\Controllers\Blog))
 4 SYSTEMPATH\CodeIgniter.php(368): CodeIgniter\CodeIgniter->handleRequest(null, Object(Config\Cache), false)
 5 FCPATH\index.php(67): CodeIgniter\CodeIgniter->run()
CRITICAL - 2023-03-18 05:19:23 --> Call to a member function getVar() on null
in APPPATH\Models\UserModel.php on line 21.
 1 APPPATH\Controllers\Blog.php(30): App\Models\UserModel->insertRec()
 2 SYSTEMPATH\CodeIgniter.php(934): App\Controllers\Blog->insertRecord()
 3 SYSTEMPATH\CodeIgniter.php(499): CodeIgniter\CodeIgniter->runController(Object(App\Controllers\Blog))
 4 SYSTEMPATH\CodeIgniter.php(368): CodeIgniter\CodeIgniter->handleRequest(null, Object(Config\Cache), false)
 5 FCPATH\index.php(67): CodeIgniter\CodeIgniter->run()
CRITICAL - 2023-03-18 05:20:12 --> Call to a member function getPost() on null
in APPPATH\Models\UserModel.php on line 21.
 1 APPPATH\Controllers\Blog.php(30): App\Models\UserModel->insertRec()
 2 SYSTEMPATH\CodeIgniter.php(934): App\Controllers\Blog->insertRecord()
 3 SYSTEMPATH\CodeIgniter.php(499): CodeIgniter\CodeIgniter->runController(Object(App\Controllers\Blog))
 4 SYSTEMPATH\CodeIgniter.php(368): CodeIgniter\CodeIgniter->handleRequest(null, Object(Config\Cache), false)
 5 FCPATH\index.php(67): CodeIgniter\CodeIgniter->run()
CRITICAL - 2023-03-18 05:21:10 --> Call to a member function getVar() on null
in APPPATH\Models\UserModel.php on line 21.
 1 APPPATH\Controllers\Blog.php(30): App\Models\UserModel->insertRec()
 2 SYSTEMPATH\CodeIgniter.php(934): App\Controllers\Blog->insertRecord()
 3 SYSTEMPATH\CodeIgniter.php(499): CodeIgniter\CodeIgniter->runController(Object(App\Controllers\Blog))
 4 SYSTEMPATH\CodeIgniter.php(368): CodeIgniter\CodeIgniter->handleRequest(null, Object(Config\Cache), false)
 5 FCPATH\index.php(67): CodeIgniter\CodeIgniter->run()
CRITICAL - 2023-03-18 05:23:18 --> Undefined variable $request
in APPPATH\Models\UserModel.php on line 21.
 1 APPPATH\Models\UserModel.php(21): CodeIgniter\Debug\Exceptions->errorHandler(2, 'Undefined variable $request', 'APPPATH\\Models\\UserModel.php', 21)
 2 APPPATH\Controllers\Blog.php(30): App\Models\UserModel->insertRec()
 3 SYSTEMPATH\CodeIgniter.php(934): App\Controllers\Blog->insertRecord()
 4 SYSTEMPATH\CodeIgniter.php(499): CodeIgniter\CodeIgniter->runController(Object(App\Controllers\Blog))
 5 SYSTEMPATH\CodeIgniter.php(368): CodeIgniter\CodeIgniter->handleRequest(null, Object(Config\Cache), false)
 6 FCPATH\index.php(67): CodeIgniter\CodeIgniter->run()
CRITICAL - 2023-03-18 05:23:27 --> Undefined constant "App\Models\request"
in APPPATH\Models\UserModel.php on line 21.
 1 APPPATH\Controllers\Blog.php(30): App\Models\UserModel->insertRec()
 2 SYSTEMPATH\CodeIgniter.php(934): App\Controllers\Blog->insertRecord()
 3 SYSTEMPATH\CodeIgniter.php(499): CodeIgniter\CodeIgniter->runController(Object(App\Controllers\Blog))
 4 SYSTEMPATH\CodeIgniter.php(368): CodeIgniter\CodeIgniter->handleRequest(null, Object(Config\Cache), false)
 5 FCPATH\index.php(67): CodeIgniter\CodeIgniter->run()
CRITICAL - 2023-03-18 05:36:17 --> Call to a member function getVar() on null
in APPPATH\Models\UserModel.php on line 21.
 1 APPPATH\Controllers\Blog.php(30): App\Models\UserModel->insertRec()
 2 SYSTEMPATH\CodeIgniter.php(934): App\Controllers\Blog->insertRecord()
 3 SYSTEMPATH\CodeIgniter.php(499): CodeIgniter\CodeIgniter->runController(Object(App\Controllers\Blog))
 4 SYSTEMPATH\CodeIgniter.php(368): CodeIgniter\CodeIgniter->handleRequest(null, Object(Config\Cache), false)
 5 FCPATH\index.php(67): CodeIgniter\CodeIgniter->run()
CRITICAL - 2023-03-18 05:36:18 --> Call to a member function getVar() on null
in APPPATH\Models\UserModel.php on line 21.
 1 APPPATH\Controllers\Blog.php(30): App\Models\UserModel->insertRec()
 2 SYSTEMPATH\CodeIgniter.php(934): App\Controllers\Blog->insertRecord()
 3 SYSTEMPATH\CodeIgniter.php(499): CodeIgniter\CodeIgniter->runController(Object(App\Controllers\Blog))
 4 SYSTEMPATH\CodeIgniter.php(368): CodeIgniter\CodeIgniter->handleRequest(null, Object(Config\Cache), false)
 5 FCPATH\index.php(67): CodeIgniter\CodeIgniter->run()
CRITICAL - 2023-03-18 05:40:47 --> There is no data to insert.
in SYSTEMPATH\BaseModel.php on line 1680.
 1 SYSTEMPATH\BaseModel.php(1680): CodeIgniter\Database\Exceptions\DataException::forEmptyDataset('insert')
 2 SYSTEMPATH\BaseModel.php(742): CodeIgniter\BaseModel->transformDataToArray([], 'insert')
 3 SYSTEMPATH\Model.php(730): CodeIgniter\BaseModel->insert([], true)
 4 APPPATH\Controllers\Blog.php(30): CodeIgniter\Model->insert([])
 5 SYSTEMPATH\CodeIgniter.php(934): App\Controllers\Blog->insertRecord()
 6 SYSTEMPATH\CodeIgniter.php(499): CodeIgniter\CodeIgniter->runController(Object(App\Controllers\Blog))
 7 SYSTEMPATH\CodeIgniter.php(368): CodeIgniter\CodeIgniter->handleRequest(null, Object(Config\Cache), false)
 8 FCPATH\index.php(67): CodeIgniter\CodeIgniter->run()
