CRITICAL - 2023-03-20 04:10:46 --> syntax error, unexpected token ";", expecting "function" or "const"
in APPPATH\Models\UserModel.php on line 34.
 1 SYSTEMPATH\Autoloader\Autoloader.php(289): CodeIgniter\Autoloader\Autoloader->includeFile('APPPATH\\Models\\UserModel.php')
 2 SYSTEMPATH\Autoloader\Autoloader.php(267): CodeIgniter\Autoloader\Autoloader->loadInNamespace('App\\Models\\UserModel')
 3 APPPATH\Controllers\Blog.php(29): CodeIgniter\Autoloader\Autoloader->loadClass('App\\Models\\UserModel')
 4 SYSTEMPATH\CodeIgniter.php(934): App\Controllers\Blog->insertRecord()
 5 SYSTEMPATH\CodeIgniter.php(499): CodeIgniter\CodeIgniter->runController(Object(App\Controllers\Blog))
 6 SYSTEMPATH\CodeIgniter.php(368): CodeIgniter\CodeIgniter->handleRequest(null, Object(Config\Cache), false)
 7 FCPATH\index.php(67): CodeIgniter\CodeIgniter->run()
CRITICAL - 2023-03-20 04:11:04 --> syntax error, unexpected token ";", expecting "function" or "const"
in APPPATH\Models\UserModel.php on line 34.
 1 SYSTEMPATH\Autoloader\Autoloader.php(289): CodeIgniter\Autoloader\Autoloader->includeFile('APPPATH\\Models\\UserModel.php')
 2 SYSTEMPATH\Autoloader\Autoloader.php(267): CodeIgniter\Autoloader\Autoloader->loadInNamespace('App\\Models\\UserModel')
 3 APPPATH\Controllers\Blog.php(29): CodeIgniter\Autoloader\Autoloader->loadClass('App\\Models\\UserModel')
 4 SYSTEMPATH\CodeIgniter.php(934): App\Controllers\Blog->insertRecord()
 5 SYSTEMPATH\CodeIgniter.php(499): CodeIgniter\CodeIgniter->runController(Object(App\Controllers\Blog))
 6 SYSTEMPATH\CodeIgniter.php(368): CodeIgniter\CodeIgniter->handleRequest(null, Object(Config\Cache), false)
 7 FCPATH\index.php(67): CodeIgniter\CodeIgniter->run()
CRITICAL - 2023-03-20 04:11:27 --> Call to a member function getVar() on null
in APPPATH\Models\UserModel.php on line 22.
 1 APPPATH\Controllers\Blog.php(41): App\Models\UserModel->insertRec()
 2 SYSTEMPATH\CodeIgniter.php(934): App\Controllers\Blog->insertRecord()
 3 SYSTEMPATH\CodeIgniter.php(499): CodeIgniter\CodeIgniter->runController(Object(App\Controllers\Blog))
 4 SYSTEMPATH\CodeIgniter.php(368): CodeIgniter\CodeIgniter->handleRequest(null, Object(Config\Cache), false)
 5 FCPATH\index.php(67): CodeIgniter\CodeIgniter->run()
CRITICAL - 2023-03-20 05:09:43 --> Array to string conversion
in APPPATH\Controllers\Blog.php on line 51.
 1 APPPATH\Controllers\Blog.php(51): CodeIgniter\Debug\Exceptions->errorHandler(2, 'Array to string conversion', 'APPPATH\\Controllers\\Blog.php', 51)
 2 SYSTEMPATH\CodeIgniter.php(934): App\Controllers\Blog->insertRecord()
 3 SYSTEMPATH\CodeIgniter.php(499): CodeIgniter\CodeIgniter->runController(Object(App\Controllers\Blog))
 4 SYSTEMPATH\CodeIgniter.php(368): CodeIgniter\CodeIgniter->handleRequest(null, Object(Config\Cache), false)
 5 FCPATH\index.php(67): CodeIgniter\CodeIgniter->run()
