INFO - 2023-03-24 12:07:31 --> Session: Class initialized using 'CodeIgniter\Session\Handlers\FileHandler' driver.
INFO - 2023-03-24 12:08:07 --> Session: Class initialized using 'CodeIgniter\Session\Handlers\FileHandler' driver.
CRITICAL - 2023-03-24 12:11:34 --> Call to undefined function set_value()
in APPPATH\Views\Login\regi.php on line 22.
 1 SYSTEMPATH\View\View.php(213): include()
 2 SYSTEMPATH\View\View.php(216): CodeIgniter\View\View->CodeIgniter\View\{closure}()
 3 SYSTEMPATH\Common.php(1184): CodeIgniter\View\View->render('Login/regi', [], true)
 4 APPPATH\Controllers\Blog.php(83): view('Login/regi')
 5 SYSTEMPATH\CodeIgniter.php(934): App\Controllers\Blog->log()
 6 SYSTEMPATH\CodeIgniter.php(499): CodeIgniter\CodeIgniter->runController(Object(App\Controllers\Blog))
 7 SYSTEMPATH\CodeIgniter.php(368): CodeIgniter\CodeIgniter->handleRequest(null, Object(Config\Cache), false)
 8 FCPATH\index.php(67): CodeIgniter\CodeIgniter->run()
 9 SYSTEMPATH\Commands\Server\rewrite.php(47): require_once('FCPATH\\index.php')
CRITICAL - 2023-03-24 12:14:29 --> Call to a member function getBasename() on null
in APPPATH\Controllers\Blog.php on line 39.
 1 SYSTEMPATH\CodeIgniter.php(934): App\Controllers\Blog->insertRecord()
 2 SYSTEMPATH\CodeIgniter.php(499): CodeIgniter\CodeIgniter->runController(Object(App\Controllers\Blog))
 3 SYSTEMPATH\CodeIgniter.php(368): CodeIgniter\CodeIgniter->handleRequest(null, Object(Config\Cache), false)
 4 FCPATH\index.php(67): CodeIgniter\CodeIgniter->run()
 5 SYSTEMPATH\Commands\Server\rewrite.php(47): require_once('FCPATH\\index.php')
CRITICAL - 2023-03-24 12:22:54 --> Call to a member function getBasename() on null
in APPPATH\Controllers\Blog.php on line 39.
 1 SYSTEMPATH\CodeIgniter.php(934): App\Controllers\Blog->insertRecord()
 2 SYSTEMPATH\CodeIgniter.php(499): CodeIgniter\CodeIgniter->runController(Object(App\Controllers\Blog))
 3 SYSTEMPATH\CodeIgniter.php(368): CodeIgniter\CodeIgniter->handleRequest(null, Object(Config\Cache), false)
 4 FCPATH\index.php(67): CodeIgniter\CodeIgniter->run()
 5 SYSTEMPATH\Commands\Server\rewrite.php(47): require_once('FCPATH\\index.php')
CRITICAL - 2023-03-24 12:23:12 --> Call to a member function getBasename() on null
in APPPATH\Controllers\Blog.php on line 39.
 1 SYSTEMPATH\CodeIgniter.php(934): App\Controllers\Blog->insertRecord()
 2 SYSTEMPATH\CodeIgniter.php(499): CodeIgniter\CodeIgniter->runController(Object(App\Controllers\Blog))
 3 SYSTEMPATH\CodeIgniter.php(368): CodeIgniter\CodeIgniter->handleRequest(null, Object(Config\Cache), false)
 4 FCPATH\index.php(67): CodeIgniter\CodeIgniter->run()
 5 SYSTEMPATH\Commands\Server\rewrite.php(47): require_once('FCPATH\\index.php')
CRITICAL - 2023-03-24 12:23:59 --> Invalid file: "Login/regi.php"
in SYSTEMPATH\Exceptions\FrameworkException.php on line 33.
 1 SYSTEMPATH\View\View.php(201): CodeIgniter\Exceptions\FrameworkException::forInvalidFile('Login/regi.php')
 2 SYSTEMPATH\Common.php(1184): CodeIgniter\View\View->render('Login/regi', [], true)
 3 APPPATH\Controllers\Blog.php(83): view('Login/regi')
 4 SYSTEMPATH\CodeIgniter.php(934): App\Controllers\Blog->log()
 5 SYSTEMPATH\CodeIgniter.php(499): CodeIgniter\CodeIgniter->runController(Object(App\Controllers\Blog))
 6 SYSTEMPATH\CodeIgniter.php(368): CodeIgniter\CodeIgniter->handleRequest(null, Object(Config\Cache), false)
 7 FCPATH\index.php(67): CodeIgniter\CodeIgniter->run()
 8 SYSTEMPATH\Commands\Server\rewrite.php(47): require_once('FCPATH\\index.php')
CRITICAL - 2023-03-24 12:24:46 --> Call to a member function getBasename() on null
in APPPATH\Controllers\Blog.php on line 39.
 1 SYSTEMPATH\CodeIgniter.php(934): App\Controllers\Blog->insertRecord()
 2 SYSTEMPATH\CodeIgniter.php(499): CodeIgniter\CodeIgniter->runController(Object(App\Controllers\Blog))
 3 SYSTEMPATH\CodeIgniter.php(368): CodeIgniter\CodeIgniter->handleRequest(null, Object(Config\Cache), false)
 4 FCPATH\index.php(67): CodeIgniter\CodeIgniter->run()
 5 SYSTEMPATH\Commands\Server\rewrite.php(47): require_once('FCPATH\\index.php')
ERROR - 2023-03-24 12:32:59 --> mysqli_sql_exception: Column 'password' cannot be null in C:\wamp64\www\CI_4\system\Database\MySQLi\Connection.php:295
Stack trace:
#0 C:\wamp64\www\CI_4\system\Database\MySQLi\Connection.php(295): mysqli->query('INSERT INTO `us...', 0)
#1 C:\wamp64\www\CI_4\system\Database\BaseConnection.php(691): CodeIgniter\Database\MySQLi\Connection->execute('INSERT INTO `us...')
#2 C:\wamp64\www\CI_4\system\Database\BaseConnection.php(605): CodeIgniter\Database\BaseConnection->simpleQuery('INSERT INTO `us...')
#3 C:\wamp64\www\CI_4\system\Database\BaseBuilder.php(2309): CodeIgniter\Database\BaseConnection->query('INSERT INTO `us...', Array, false)
#4 C:\wamp64\www\CI_4\system\Model.php(330): CodeIgniter\Database\BaseBuilder->insert()
#5 C:\wamp64\www\CI_4\system\BaseModel.php(782): CodeIgniter\Model->doInsert(Array)
#6 C:\wamp64\www\CI_4\system\Model.php(730): CodeIgniter\BaseModel->insert(Array, true)
#7 C:\wamp64\www\CI_4\app\Controllers\Blog.php(55): CodeIgniter\Model->insert(Array)
#8 C:\wamp64\www\CI_4\system\CodeIgniter.php(934): App\Controllers\Blog->insertRecord()
#9 C:\wamp64\www\CI_4\system\CodeIgniter.php(499): CodeIgniter\CodeIgniter->runController(Object(App\Controllers\Blog))
#10 C:\wamp64\www\CI_4\system\CodeIgniter.php(368): CodeIgniter\CodeIgniter->handleRequest(NULL, Object(Config\Cache), false)
#11 C:\wamp64\www\CI_4\public\index.php(67): CodeIgniter\CodeIgniter->run()
#12 C:\wamp64\www\CI_4\system\Commands\Server\rewrite.php(47): require_once('C:\\wamp64\\www\\C...')
#13 {main}
CRITICAL - 2023-03-24 12:32:59 --> Column 'password' cannot be null
in SYSTEMPATH\Database\BaseConnection.php on line 645.
 1 SYSTEMPATH\Database\BaseBuilder.php(2309): CodeIgniter\Database\BaseConnection->query('INSERT INTO `user` (`fname`, `lname`, `email`, `password`, `pic`) VALUES (:fname:, :lname:, :email:, :password:, :pic:)', [...], false)
 2 SYSTEMPATH\Model.php(330): CodeIgniter\Database\BaseBuilder->insert()
 3 SYSTEMPATH\BaseModel.php(782): CodeIgniter\Model->doInsert([...])
 4 SYSTEMPATH\Model.php(730): CodeIgniter\BaseModel->insert([...], true)
 5 APPPATH\Controllers\Blog.php(55): CodeIgniter\Model->insert([...])
 6 SYSTEMPATH\CodeIgniter.php(934): App\Controllers\Blog->insertRecord()
 7 SYSTEMPATH\CodeIgniter.php(499): CodeIgniter\CodeIgniter->runController(Object(App\Controllers\Blog))
 8 SYSTEMPATH\CodeIgniter.php(368): CodeIgniter\CodeIgniter->handleRequest(null, Object(Config\Cache), false)
 9 FCPATH\index.php(67): CodeIgniter\CodeIgniter->run()
10 SYSTEMPATH\Commands\Server\rewrite.php(47): require_once('FCPATH\\index.php')
CRITICAL - 2023-03-24 12:35:11 --> Call to a member function getBasename() on null
in APPPATH\Controllers\Blog.php on line 39.
 1 SYSTEMPATH\CodeIgniter.php(934): App\Controllers\Blog->insertRecord()
 2 SYSTEMPATH\CodeIgniter.php(499): CodeIgniter\CodeIgniter->runController(Object(App\Controllers\Blog))
 3 SYSTEMPATH\CodeIgniter.php(368): CodeIgniter\CodeIgniter->handleRequest(null, Object(Config\Cache), false)
 4 FCPATH\index.php(67): CodeIgniter\CodeIgniter->run()
 5 SYSTEMPATH\Commands\Server\rewrite.php(47): require_once('FCPATH\\index.php')
CRITICAL - 2023-03-24 12:35:54 --> Call to a member function getBasename() on null
in APPPATH\Controllers\Blog.php on line 39.
 1 SYSTEMPATH\CodeIgniter.php(934): App\Controllers\Blog->insertRecord()
 2 SYSTEMPATH\CodeIgniter.php(499): CodeIgniter\CodeIgniter->runController(Object(App\Controllers\Blog))
 3 SYSTEMPATH\CodeIgniter.php(368): CodeIgniter\CodeIgniter->handleRequest(null, Object(Config\Cache), false)
 4 FCPATH\index.php(67): CodeIgniter\CodeIgniter->run()
 5 SYSTEMPATH\Commands\Server\rewrite.php(47): require_once('FCPATH\\index.php')
CRITICAL - 2023-03-24 12:43:51 --> Undefined variable $user
in APPPATH\Views\Login\upd.php on line 21.
 1 APPPATH\Views\Login\upd.php(21): CodeIgniter\Debug\Exceptions->errorHandler(2, 'Undefined variable $user', 'APPPATH\\Views\\Login\\upd.php', 21)
 2 SYSTEMPATH\View\View.php(213): include('APPPATH\\Views\\Login\\upd.php')
 3 SYSTEMPATH\View\View.php(216): CodeIgniter\View\View->CodeIgniter\View\{closure}()
 4 SYSTEMPATH\Common.php(1184): CodeIgniter\View\View->render('Login/upd', [], true)
 5 APPPATH\Controllers\Blog.php(84): view('Login/upd')
 6 SYSTEMPATH\CodeIgniter.php(934): App\Controllers\Blog->upd()
 7 SYSTEMPATH\CodeIgniter.php(499): CodeIgniter\CodeIgniter->runController(Object(App\Controllers\Blog))
 8 SYSTEMPATH\CodeIgniter.php(368): CodeIgniter\CodeIgniter->handleRequest(null, Object(Config\Cache), false)
 9 FCPATH\index.php(67): CodeIgniter\CodeIgniter->run()
10 SYSTEMPATH\Commands\Server\rewrite.php(47): require_once('FCPATH\\index.php')
CRITICAL - 2023-03-24 12:55:16 --> Undefined variable $id
in APPPATH\Views\Login\Update.php on line 34.
 1 APPPATH\Views\Login\Update.php(34): CodeIgniter\Debug\Exceptions->errorHandler(2, 'Undefined variable $id', 'APPPATH\\Views\\Login\\Update.php', 34)
 2 SYSTEMPATH\View\View.php(213): include('APPPATH\\Views\\Login\\Update.php')
 3 SYSTEMPATH\View\View.php(216): CodeIgniter\View\View->CodeIgniter\View\{closure}()
 4 SYSTEMPATH\Common.php(1184): CodeIgniter\View\View->render('Login/Update', [], true)
 5 APPPATH\Controllers\Blog.php(73): view('Login/Update', [...])
 6 SYSTEMPATH\CodeIgniter.php(934): App\Controllers\Blog->update('50')
 7 SYSTEMPATH\CodeIgniter.php(499): CodeIgniter\CodeIgniter->runController(Object(App\Controllers\Blog))
 8 SYSTEMPATH\CodeIgniter.php(368): CodeIgniter\CodeIgniter->handleRequest(null, Object(Config\Cache), false)
 9 FCPATH\index.php(67): CodeIgniter\CodeIgniter->run()
10 SYSTEMPATH\Commands\Server\rewrite.php(47): require_once('FCPATH\\index.php')
CRITICAL - 2023-03-24 12:55:34 --> Undefined variable $id
in APPPATH\Views\Login\Update.php on line 34.
 1 APPPATH\Views\Login\Update.php(34): CodeIgniter\Debug\Exceptions->errorHandler(2, 'Undefined variable $id', 'APPPATH\\Views\\Login\\Update.php', 34)
 2 SYSTEMPATH\View\View.php(213): include('APPPATH\\Views\\Login\\Update.php')
 3 SYSTEMPATH\View\View.php(216): CodeIgniter\View\View->CodeIgniter\View\{closure}()
 4 SYSTEMPATH\Common.php(1184): CodeIgniter\View\View->render('Login/Update', [], true)
 5 APPPATH\Controllers\Blog.php(73): view('Login/Update', [...])
 6 SYSTEMPATH\CodeIgniter.php(934): App\Controllers\Blog->update('50')
 7 SYSTEMPATH\CodeIgniter.php(499): CodeIgniter\CodeIgniter->runController(Object(App\Controllers\Blog))
 8 SYSTEMPATH\CodeIgniter.php(368): CodeIgniter\CodeIgniter->handleRequest(null, Object(Config\Cache), false)
 9 FCPATH\index.php(67): CodeIgniter\CodeIgniter->run()
10 SYSTEMPATH\Commands\Server\rewrite.php(47): require_once('FCPATH\\index.php')
CRITICAL - 2023-03-24 12:58:28 --> CodeIgniter\BaseModel::findAll(): Argument #1 ($limit) must be of type int, string given, called in C:\wamp64\www\CI_4\app\Controllers\Blog.php on line 71
in SYSTEMPATH\BaseModel.php on line 601.
 1 APPPATH\Controllers\Blog.php(71): CodeIgniter\BaseModel->findAll('id')
 2 SYSTEMPATH\CodeIgniter.php(934): App\Controllers\Blog->update('49')
 3 SYSTEMPATH\CodeIgniter.php(499): CodeIgniter\CodeIgniter->runController(Object(App\Controllers\Blog))
 4 SYSTEMPATH\CodeIgniter.php(368): CodeIgniter\CodeIgniter->handleRequest(null, Object(Config\Cache), false)
 5 FCPATH\index.php(67): CodeIgniter\CodeIgniter->run()
 6 SYSTEMPATH\Commands\Server\rewrite.php(47): require_once('FCPATH\\index.php')
CRITICAL - 2023-03-24 12:59:24 --> Trying to access array offset on value of type null
in APPPATH\Views\Login\Update.php on line 23.
 1 APPPATH\Views\Login\Update.php(23): CodeIgniter\Debug\Exceptions->errorHandler(2, 'Trying to access array offset on value of type null', 'APPPATH\\Views\\Login\\Update.php', 23)
 2 SYSTEMPATH\View\View.php(213): include('APPPATH\\Views\\Login\\Update.php')
 3 SYSTEMPATH\View\View.php(216): CodeIgniter\View\View->CodeIgniter\View\{closure}()
 4 SYSTEMPATH\Common.php(1184): CodeIgniter\View\View->render('Login/Update', [], true)
 5 APPPATH\Controllers\Blog.php(73): view('Login/Update', [...])
 6 SYSTEMPATH\CodeIgniter.php(934): App\Controllers\Blog->update('49')
 7 SYSTEMPATH\CodeIgniter.php(499): CodeIgniter\CodeIgniter->runController(Object(App\Controllers\Blog))
 8 SYSTEMPATH\CodeIgniter.php(368): CodeIgniter\CodeIgniter->handleRequest(null, Object(Config\Cache), false)
 9 FCPATH\index.php(67): CodeIgniter\CodeIgniter->run()
10 SYSTEMPATH\Commands\Server\rewrite.php(47): require_once('FCPATH\\index.php')
CRITICAL - 2023-03-24 12:59:57 --> Trying to access array offset on value of type null
in APPPATH\Views\Login\Update.php on line 23.
 1 APPPATH\Views\Login\Update.php(23): CodeIgniter\Debug\Exceptions->errorHandler(2, 'Trying to access array offset on value of type null', 'APPPATH\\Views\\Login\\Update.php', 23)
 2 SYSTEMPATH\View\View.php(213): include('APPPATH\\Views\\Login\\Update.php')
 3 SYSTEMPATH\View\View.php(216): CodeIgniter\View\View->CodeIgniter\View\{closure}()
 4 SYSTEMPATH\Common.php(1184): CodeIgniter\View\View->render('Login/Update', [], true)
 5 APPPATH\Controllers\Blog.php(73): view('Login/Update', [...])
 6 SYSTEMPATH\CodeIgniter.php(934): App\Controllers\Blog->update('49')
 7 SYSTEMPATH\CodeIgniter.php(499): CodeIgniter\CodeIgniter->runController(Object(App\Controllers\Blog))
 8 SYSTEMPATH\CodeIgniter.php(368): CodeIgniter\CodeIgniter->handleRequest(null, Object(Config\Cache), false)
 9 FCPATH\index.php(67): CodeIgniter\CodeIgniter->run()
10 SYSTEMPATH\Commands\Server\rewrite.php(47): require_once('FCPATH\\index.php')
CRITICAL - 2023-03-24 13:00:21 --> Cannot access offset of type string on string
in APPPATH\Views\Login\Update.php on line 23.
 1 SYSTEMPATH\View\View.php(213): include()
 2 SYSTEMPATH\View\View.php(216): CodeIgniter\View\View->CodeIgniter\View\{closure}()
 3 SYSTEMPATH\Common.php(1184): CodeIgniter\View\View->render('Login/Update', [], true)
 4 APPPATH\Controllers\Blog.php(73): view('Login/Update', [...])
 5 SYSTEMPATH\CodeIgniter.php(934): App\Controllers\Blog->update('49')
 6 SYSTEMPATH\CodeIgniter.php(499): CodeIgniter\CodeIgniter->runController(Object(App\Controllers\Blog))
 7 SYSTEMPATH\CodeIgniter.php(368): CodeIgniter\CodeIgniter->handleRequest(null, Object(Config\Cache), false)
 8 FCPATH\index.php(67): CodeIgniter\CodeIgniter->run()
 9 SYSTEMPATH\Commands\Server\rewrite.php(47): require_once('FCPATH\\index.php')
CRITICAL - 2023-03-24 13:01:45 --> CodeIgniter\BaseModel::findColumn(): Argument #1 ($columnName) must be of type string, null given, called in C:\wamp64\www\CI_4\app\Controllers\Blog.php on line 72
in SYSTEMPATH\BaseModel.php on line 582.
 1 APPPATH\Controllers\Blog.php(72): CodeIgniter\BaseModel->findColumn(null)
 2 SYSTEMPATH\CodeIgniter.php(934): App\Controllers\Blog->update(null)
 3 SYSTEMPATH\CodeIgniter.php(499): CodeIgniter\CodeIgniter->runController(Object(App\Controllers\Blog))
 4 SYSTEMPATH\CodeIgniter.php(368): CodeIgniter\CodeIgniter->handleRequest(null, Object(Config\Cache), false)
 5 FCPATH\index.php(67): CodeIgniter\CodeIgniter->run()
 6 SYSTEMPATH\Commands\Server\rewrite.php(47): require_once('FCPATH\\index.php')
CRITICAL - 2023-03-24 13:07:15 --> Undefined array key "id"
in APPPATH\Views\Login\Update.php on line 33.
 1 APPPATH\Views\Login\Update.php(33): CodeIgniter\Debug\Exceptions->errorHandler(2, 'Undefined array key "id"', 'APPPATH\\Views\\Login\\Update.php', 33)
 2 SYSTEMPATH\View\View.php(213): include('APPPATH\\Views\\Login\\Update.php')
 3 SYSTEMPATH\View\View.php(216): CodeIgniter\View\View->CodeIgniter\View\{closure}()
 4 SYSTEMPATH\Common.php(1184): CodeIgniter\View\View->render('Login/Update', [], true)
 5 APPPATH\Controllers\Blog.php(73): view('Login/Update', [...])
 6 SYSTEMPATH\CodeIgniter.php(934): App\Controllers\Blog->update('50')
 7 SYSTEMPATH\CodeIgniter.php(499): CodeIgniter\CodeIgniter->runController(Object(App\Controllers\Blog))
 8 SYSTEMPATH\CodeIgniter.php(368): CodeIgniter\CodeIgniter->handleRequest(null, Object(Config\Cache), false)
 9 FCPATH\index.php(67): CodeIgniter\CodeIgniter->run()
10 SYSTEMPATH\Commands\Server\rewrite.php(47): require_once('FCPATH\\index.php')
CRITICAL - 2023-03-24 13:09:16 --> Undefined array key "id"
in APPPATH\Controllers\Blog.php on line 73.
 1 APPPATH\Controllers\Blog.php(73): CodeIgniter\Debug\Exceptions->errorHandler(2, 'Undefined array key "id"', 'APPPATH\\Controllers\\Blog.php', 73)
 2 SYSTEMPATH\CodeIgniter.php(934): App\Controllers\Blog->update('50')
 3 SYSTEMPATH\CodeIgniter.php(499): CodeIgniter\CodeIgniter->runController(Object(App\Controllers\Blog))
 4 SYSTEMPATH\CodeIgniter.php(368): CodeIgniter\CodeIgniter->handleRequest(null, Object(Config\Cache), false)
 5 FCPATH\index.php(67): CodeIgniter\CodeIgniter->run()
 6 SYSTEMPATH\Commands\Server\rewrite.php(47): require_once('FCPATH\\index.php')
CRITICAL - 2023-03-24 13:09:50 --> There is no data to update.
in SYSTEMPATH\BaseModel.php on line 924.
 1 SYSTEMPATH\BaseModel.php(924): CodeIgniter\Database\Exceptions\DataException::forEmptyDataset('update')
 2 SYSTEMPATH\Model.php(756): CodeIgniter\BaseModel->update([...], [])
 3 APPPATH\Controllers\Blog.php(73): CodeIgniter\Model->update('49', [...])
 4 SYSTEMPATH\CodeIgniter.php(934): App\Controllers\Blog->update('49')
 5 SYSTEMPATH\CodeIgniter.php(499): CodeIgniter\CodeIgniter->runController(Object(App\Controllers\Blog))
 6 SYSTEMPATH\CodeIgniter.php(368): CodeIgniter\CodeIgniter->handleRequest(null, Object(Config\Cache), false)
 7 FCPATH\index.php(67): CodeIgniter\CodeIgniter->run()
 8 SYSTEMPATH\Commands\Server\rewrite.php(47): require_once('FCPATH\\index.php')
CRITICAL - 2023-03-24 13:09:55 --> There is no data to update.
in SYSTEMPATH\BaseModel.php on line 924.
 1 SYSTEMPATH\BaseModel.php(924): CodeIgniter\Database\Exceptions\DataException::forEmptyDataset('update')
 2 SYSTEMPATH\Model.php(756): CodeIgniter\BaseModel->update([...], [])
 3 APPPATH\Controllers\Blog.php(73): CodeIgniter\Model->update('50', [...])
 4 SYSTEMPATH\CodeIgniter.php(934): App\Controllers\Blog->update('50')
 5 SYSTEMPATH\CodeIgniter.php(499): CodeIgniter\CodeIgniter->runController(Object(App\Controllers\Blog))
 6 SYSTEMPATH\CodeIgniter.php(368): CodeIgniter\CodeIgniter->handleRequest(null, Object(Config\Cache), false)
 7 FCPATH\index.php(67): CodeIgniter\CodeIgniter->run()
 8 SYSTEMPATH\Commands\Server\rewrite.php(47): require_once('FCPATH\\index.php')
CRITICAL - 2023-03-24 13:10:34 --> There is no data to update.
in SYSTEMPATH\BaseModel.php on line 924.
 1 SYSTEMPATH\BaseModel.php(924): CodeIgniter\Database\Exceptions\DataException::forEmptyDataset('update')
 2 SYSTEMPATH\Model.php(756): CodeIgniter\BaseModel->update([...], [])
 3 APPPATH\Controllers\Blog.php(73): CodeIgniter\Model->update('49', [...])
 4 SYSTEMPATH\CodeIgniter.php(934): App\Controllers\Blog->update('49')
 5 SYSTEMPATH\CodeIgniter.php(499): CodeIgniter\CodeIgniter->runController(Object(App\Controllers\Blog))
 6 SYSTEMPATH\CodeIgniter.php(368): CodeIgniter\CodeIgniter->handleRequest(null, Object(Config\Cache), false)
 7 FCPATH\index.php(67): CodeIgniter\CodeIgniter->run()
 8 SYSTEMPATH\Commands\Server\rewrite.php(47): require_once('FCPATH\\index.php')
CRITICAL - 2023-03-24 13:10:40 --> There is no data to update.
in SYSTEMPATH\BaseModel.php on line 924.
 1 SYSTEMPATH\BaseModel.php(924): CodeIgniter\Database\Exceptions\DataException::forEmptyDataset('update')
 2 SYSTEMPATH\Model.php(756): CodeIgniter\BaseModel->update([...], [])
 3 APPPATH\Controllers\Blog.php(73): CodeIgniter\Model->update('50', [...])
 4 SYSTEMPATH\CodeIgniter.php(934): App\Controllers\Blog->update('50')
 5 SYSTEMPATH\CodeIgniter.php(499): CodeIgniter\CodeIgniter->runController(Object(App\Controllers\Blog))
 6 SYSTEMPATH\CodeIgniter.php(368): CodeIgniter\CodeIgniter->handleRequest(null, Object(Config\Cache), false)
 7 FCPATH\index.php(67): CodeIgniter\CodeIgniter->run()
 8 SYSTEMPATH\Commands\Server\rewrite.php(47): require_once('FCPATH\\index.php')
CRITICAL - 2023-03-24 13:10:54 --> There is no data to update.
in SYSTEMPATH\BaseModel.php on line 924.
 1 SYSTEMPATH\BaseModel.php(924): CodeIgniter\Database\Exceptions\DataException::forEmptyDataset('update')
 2 SYSTEMPATH\Model.php(756): CodeIgniter\BaseModel->update([...], [])
 3 APPPATH\Controllers\Blog.php(73): CodeIgniter\Model->update('50', [...])
 4 SYSTEMPATH\CodeIgniter.php(934): App\Controllers\Blog->update('50')
 5 SYSTEMPATH\CodeIgniter.php(499): CodeIgniter\CodeIgniter->runController(Object(App\Controllers\Blog))
 6 SYSTEMPATH\CodeIgniter.php(368): CodeIgniter\CodeIgniter->handleRequest(null, Object(Config\Cache), false)
 7 FCPATH\index.php(67): CodeIgniter\CodeIgniter->run()
 8 SYSTEMPATH\Commands\Server\rewrite.php(47): require_once('FCPATH\\index.php')
CRITICAL - 2023-03-24 13:12:53 --> Undefined array key "id"
in APPPATH\Controllers\Blog.php on line 73.
 1 APPPATH\Controllers\Blog.php(73): CodeIgniter\Debug\Exceptions->errorHandler(2, 'Undefined array key "id"', 'APPPATH\\Controllers\\Blog.php', 73)
 2 SYSTEMPATH\CodeIgniter.php(934): App\Controllers\Blog->update('50')
 3 SYSTEMPATH\CodeIgniter.php(499): CodeIgniter\CodeIgniter->runController(Object(App\Controllers\Blog))
 4 SYSTEMPATH\CodeIgniter.php(368): CodeIgniter\CodeIgniter->handleRequest(null, Object(Config\Cache), false)
 5 FCPATH\index.php(67): CodeIgniter\CodeIgniter->run()
 6 SYSTEMPATH\Commands\Server\rewrite.php(47): require_once('FCPATH\\index.php')
CRITICAL - 2023-03-24 13:13:51 --> Undefined array key "id"
in APPPATH\Controllers\Blog.php on line 73.
 1 APPPATH\Controllers\Blog.php(73): CodeIgniter\Debug\Exceptions->errorHandler(2, 'Undefined array key "id"', 'APPPATH\\Controllers\\Blog.php', 73)
 2 SYSTEMPATH\CodeIgniter.php(934): App\Controllers\Blog->update('50')
 3 SYSTEMPATH\CodeIgniter.php(499): CodeIgniter\CodeIgniter->runController(Object(App\Controllers\Blog))
 4 SYSTEMPATH\CodeIgniter.php(368): CodeIgniter\CodeIgniter->handleRequest(null, Object(Config\Cache), false)
 5 FCPATH\index.php(67): CodeIgniter\CodeIgniter->run()
 6 SYSTEMPATH\Commands\Server\rewrite.php(47): require_once('FCPATH\\index.php')
CRITICAL - 2023-03-24 13:14:59 --> Undefined array key "id"
in APPPATH\Controllers\Blog.php on line 73.
 1 APPPATH\Controllers\Blog.php(73): CodeIgniter\Debug\Exceptions->errorHandler(2, 'Undefined array key "id"', 'APPPATH\\Controllers\\Blog.php', 73)
 2 SYSTEMPATH\CodeIgniter.php(934): App\Controllers\Blog->update('50')
 3 SYSTEMPATH\CodeIgniter.php(499): CodeIgniter\CodeIgniter->runController(Object(App\Controllers\Blog))
 4 SYSTEMPATH\CodeIgniter.php(368): CodeIgniter\CodeIgniter->handleRequest(null, Object(Config\Cache), false)
 5 FCPATH\index.php(67): CodeIgniter\CodeIgniter->run()
 6 SYSTEMPATH\Commands\Server\rewrite.php(47): require_once('FCPATH\\index.php')
CRITICAL - 2023-03-24 13:15:02 --> Undefined array key "id"
in APPPATH\Controllers\Blog.php on line 73.
 1 APPPATH\Controllers\Blog.php(73): CodeIgniter\Debug\Exceptions->errorHandler(2, 'Undefined array key "id"', 'APPPATH\\Controllers\\Blog.php', 73)
 2 SYSTEMPATH\CodeIgniter.php(934): App\Controllers\Blog->update('49')
 3 SYSTEMPATH\CodeIgniter.php(499): CodeIgniter\CodeIgniter->runController(Object(App\Controllers\Blog))
 4 SYSTEMPATH\CodeIgniter.php(368): CodeIgniter\CodeIgniter->handleRequest(null, Object(Config\Cache), false)
 5 FCPATH\index.php(67): CodeIgniter\CodeIgniter->run()
 6 SYSTEMPATH\Commands\Server\rewrite.php(47): require_once('FCPATH\\index.php')
CRITICAL - 2023-03-24 13:17:31 --> Undefined variable $data
in APPPATH\Views\Login\Update.php on line 33.
 1 APPPATH\Views\Login\Update.php(33): CodeIgniter\Debug\Exceptions->errorHandler(2, 'Undefined variable $data', 'APPPATH\\Views\\Login\\Update.php', 33)
 2 SYSTEMPATH\View\View.php(213): include('APPPATH\\Views\\Login\\Update.php')
 3 SYSTEMPATH\View\View.php(216): CodeIgniter\View\View->CodeIgniter\View\{closure}()
 4 SYSTEMPATH\Common.php(1184): CodeIgniter\View\View->render('Login/Update', [], true)
 5 APPPATH\Controllers\Blog.php(72): view('Login/Update')
 6 SYSTEMPATH\CodeIgniter.php(934): App\Controllers\Blog->update('50')
 7 SYSTEMPATH\CodeIgniter.php(499): CodeIgniter\CodeIgniter->runController(Object(App\Controllers\Blog))
 8 SYSTEMPATH\CodeIgniter.php(368): CodeIgniter\CodeIgniter->handleRequest(null, Object(Config\Cache), false)
 9 FCPATH\index.php(67): CodeIgniter\CodeIgniter->run()
10 SYSTEMPATH\Commands\Server\rewrite.php(47): require_once('FCPATH\\index.php')
CRITICAL - 2023-03-24 13:18:05 --> Undefined variable $user
in APPPATH\Views\Login\Update.php on line 33.
 1 APPPATH\Views\Login\Update.php(33): CodeIgniter\Debug\Exceptions->errorHandler(2, 'Undefined variable $user', 'APPPATH\\Views\\Login\\Update.php', 33)
 2 SYSTEMPATH\View\View.php(213): include('APPPATH\\Views\\Login\\Update.php')
 3 SYSTEMPATH\View\View.php(216): CodeIgniter\View\View->CodeIgniter\View\{closure}()
 4 SYSTEMPATH\Common.php(1184): CodeIgniter\View\View->render('Login/Update', [], true)
 5 APPPATH\Controllers\Blog.php(72): view('Login/Update')
 6 SYSTEMPATH\CodeIgniter.php(934): App\Controllers\Blog->update('49')
 7 SYSTEMPATH\CodeIgniter.php(499): CodeIgniter\CodeIgniter->runController(Object(App\Controllers\Blog))
 8 SYSTEMPATH\CodeIgniter.php(368): CodeIgniter\CodeIgniter->handleRequest(null, Object(Config\Cache), false)
 9 FCPATH\index.php(67): CodeIgniter\CodeIgniter->run()
10 SYSTEMPATH\Commands\Server\rewrite.php(47): require_once('FCPATH\\index.php')
CRITICAL - 2023-03-24 13:18:53 --> Undefined variable $user
in APPPATH\Views\Login\Update.php on line 33.
 1 APPPATH\Views\Login\Update.php(33): CodeIgniter\Debug\Exceptions->errorHandler(2, 'Undefined variable $user', 'APPPATH\\Views\\Login\\Update.php', 33)
 2 SYSTEMPATH\View\View.php(213): include('APPPATH\\Views\\Login\\Update.php')
 3 SYSTEMPATH\View\View.php(216): CodeIgniter\View\View->CodeIgniter\View\{closure}()
 4 SYSTEMPATH\Common.php(1184): CodeIgniter\View\View->render('Login/Update', [], true)
 5 APPPATH\Controllers\Blog.php(72): view('Login/Update')
 6 SYSTEMPATH\CodeIgniter.php(934): App\Controllers\Blog->update('50')
 7 SYSTEMPATH\CodeIgniter.php(499): CodeIgniter\CodeIgniter->runController(Object(App\Controllers\Blog))
 8 SYSTEMPATH\CodeIgniter.php(368): CodeIgniter\CodeIgniter->handleRequest(null, Object(Config\Cache), false)
 9 FCPATH\index.php(67): CodeIgniter\CodeIgniter->run()
10 SYSTEMPATH\Commands\Server\rewrite.php(47): require_once('FCPATH\\index.php')
CRITICAL - 2023-03-24 13:19:21 --> Trying to access array offset on value of type null
in APPPATH\Views\Login\Update.php on line 33.
 1 APPPATH\Views\Login\Update.php(33): CodeIgniter\Debug\Exceptions->errorHandler(2, 'Trying to access array offset on value of type null', 'APPPATH\\Views\\Login\\Update.php', 33)
 2 SYSTEMPATH\View\View.php(213): include('APPPATH\\Views\\Login\\Update.php')
 3 SYSTEMPATH\View\View.php(216): CodeIgniter\View\View->CodeIgniter\View\{closure}()
 4 SYSTEMPATH\Common.php(1184): CodeIgniter\View\View->render('Login/Update', [], true)
 5 APPPATH\Controllers\Blog.php(72): view('Login/Update', [...])
 6 SYSTEMPATH\CodeIgniter.php(934): App\Controllers\Blog->update('50')
 7 SYSTEMPATH\CodeIgniter.php(499): CodeIgniter\CodeIgniter->runController(Object(App\Controllers\Blog))
 8 SYSTEMPATH\CodeIgniter.php(368): CodeIgniter\CodeIgniter->handleRequest(null, Object(Config\Cache), false)
 9 FCPATH\index.php(67): CodeIgniter\CodeIgniter->run()
10 SYSTEMPATH\Commands\Server\rewrite.php(47): require_once('FCPATH\\index.php')
CRITICAL - 2023-03-24 13:19:48 --> Trying to access array offset on value of type null
in APPPATH\Views\Login\Update.php on line 33.
 1 APPPATH\Views\Login\Update.php(33): CodeIgniter\Debug\Exceptions->errorHandler(2, 'Trying to access array offset on value of type null', 'APPPATH\\Views\\Login\\Update.php', 33)
 2 SYSTEMPATH\View\View.php(213): include('APPPATH\\Views\\Login\\Update.php')
 3 SYSTEMPATH\View\View.php(216): CodeIgniter\View\View->CodeIgniter\View\{closure}()
 4 SYSTEMPATH\Common.php(1184): CodeIgniter\View\View->render('Login/Update', [], true)
 5 APPPATH\Controllers\Blog.php(72): view('Login/Update', [...])
 6 SYSTEMPATH\CodeIgniter.php(934): App\Controllers\Blog->update('50')
 7 SYSTEMPATH\CodeIgniter.php(499): CodeIgniter\CodeIgniter->runController(Object(App\Controllers\Blog))
 8 SYSTEMPATH\CodeIgniter.php(368): CodeIgniter\CodeIgniter->handleRequest(null, Object(Config\Cache), false)
 9 FCPATH\index.php(67): CodeIgniter\CodeIgniter->run()
10 SYSTEMPATH\Commands\Server\rewrite.php(47): require_once('FCPATH\\index.php')
CRITICAL - 2023-03-24 13:21:06 --> Trying to access array offset on value of type null
in APPPATH\Views\Login\Update.php on line 38.
 1 APPPATH\Views\Login\Update.php(38): CodeIgniter\Debug\Exceptions->errorHandler(2, 'Trying to access array offset on value of type null', 'APPPATH\\Views\\Login\\Update.php', 38)
 2 SYSTEMPATH\View\View.php(213): include('APPPATH\\Views\\Login\\Update.php')
 3 SYSTEMPATH\View\View.php(216): CodeIgniter\View\View->CodeIgniter\View\{closure}()
 4 SYSTEMPATH\Common.php(1184): CodeIgniter\View\View->render('Login/Update', [], true)
 5 APPPATH\Controllers\Blog.php(72): view('Login/Update', [...])
 6 SYSTEMPATH\CodeIgniter.php(934): App\Controllers\Blog->update('50')
 7 SYSTEMPATH\CodeIgniter.php(499): CodeIgniter\CodeIgniter->runController(Object(App\Controllers\Blog))
 8 SYSTEMPATH\CodeIgniter.php(368): CodeIgniter\CodeIgniter->handleRequest(null, Object(Config\Cache), false)
 9 FCPATH\index.php(67): CodeIgniter\CodeIgniter->run()
10 SYSTEMPATH\Commands\Server\rewrite.php(47): require_once('FCPATH\\index.php')
CRITICAL - 2023-03-24 13:21:50 --> foreach() argument must be of type array|object, null given
in APPPATH\Views\Login\Update.php on line 22.
 1 APPPATH\Views\Login\Update.php(22): CodeIgniter\Debug\Exceptions->errorHandler(2, 'foreach() argument must be of type array|object, null given', 'APPPATH\\Views\\Login\\Update.php', 22)
 2 SYSTEMPATH\View\View.php(213): include('APPPATH\\Views\\Login\\Update.php')
 3 SYSTEMPATH\View\View.php(216): CodeIgniter\View\View->CodeIgniter\View\{closure}()
 4 SYSTEMPATH\Common.php(1184): CodeIgniter\View\View->render('Login/Update', [], true)
 5 APPPATH\Controllers\Blog.php(72): view('Login/Update', [...])
 6 SYSTEMPATH\CodeIgniter.php(934): App\Controllers\Blog->update('50')
 7 SYSTEMPATH\CodeIgniter.php(499): CodeIgniter\CodeIgniter->runController(Object(App\Controllers\Blog))
 8 SYSTEMPATH\CodeIgniter.php(368): CodeIgniter\CodeIgniter->handleRequest(null, Object(Config\Cache), false)
 9 FCPATH\index.php(67): CodeIgniter\CodeIgniter->run()
10 SYSTEMPATH\Commands\Server\rewrite.php(47): require_once('FCPATH\\index.php')
CRITICAL - 2023-03-24 13:23:26 --> Cannot access offset of type string on string
in APPPATH\Views\Login\Update.php on line 23.
 1 SYSTEMPATH\View\View.php(213): include()
 2 SYSTEMPATH\View\View.php(216): CodeIgniter\View\View->CodeIgniter\View\{closure}()
 3 SYSTEMPATH\Common.php(1184): CodeIgniter\View\View->render('Login/Update', [], true)
 4 APPPATH\Controllers\Blog.php(72): view('Login/Update', [...])
 5 SYSTEMPATH\CodeIgniter.php(934): App\Controllers\Blog->update('50')
 6 SYSTEMPATH\CodeIgniter.php(499): CodeIgniter\CodeIgniter->runController(Object(App\Controllers\Blog))
 7 SYSTEMPATH\CodeIgniter.php(368): CodeIgniter\CodeIgniter->handleRequest(null, Object(Config\Cache), false)
 8 FCPATH\index.php(67): CodeIgniter\CodeIgniter->run()
 9 SYSTEMPATH\Commands\Server\rewrite.php(47): require_once('FCPATH\\index.php')
CRITICAL - 2023-03-24 13:25:28 --> Call to a member function findAll() on array
in APPPATH\Controllers\Blog.php on line 71.
 1 SYSTEMPATH\CodeIgniter.php(934): App\Controllers\Blog->update('50')
 2 SYSTEMPATH\CodeIgniter.php(499): CodeIgniter\CodeIgniter->runController(Object(App\Controllers\Blog))
 3 SYSTEMPATH\CodeIgniter.php(368): CodeIgniter\CodeIgniter->handleRequest(null, Object(Config\Cache), false)
 4 FCPATH\index.php(67): CodeIgniter\CodeIgniter->run()
 5 SYSTEMPATH\Commands\Server\rewrite.php(47): require_once('FCPATH\\index.php')
CRITICAL - 2023-03-24 13:29:57 --> Trying to access array offset on value of type null
in APPPATH\Views\Login\Update.php on line 23.
 1 APPPATH\Views\Login\Update.php(23): CodeIgniter\Debug\Exceptions->errorHandler(2, 'Trying to access array offset on value of type null', 'APPPATH\\Views\\Login\\Update.php', 23)
 2 SYSTEMPATH\View\View.php(213): include('APPPATH\\Views\\Login\\Update.php')
 3 SYSTEMPATH\View\View.php(216): CodeIgniter\View\View->CodeIgniter\View\{closure}()
 4 SYSTEMPATH\Common.php(1184): CodeIgniter\View\View->render('Login/Update', [], true)
 5 APPPATH\Controllers\Blog.php(72): view('Login/Update', [...])
 6 SYSTEMPATH\CodeIgniter.php(934): App\Controllers\Blog->update('50')
 7 SYSTEMPATH\CodeIgniter.php(499): CodeIgniter\CodeIgniter->runController(Object(App\Controllers\Blog))
 8 SYSTEMPATH\CodeIgniter.php(368): CodeIgniter\CodeIgniter->handleRequest(null, Object(Config\Cache), false)
 9 FCPATH\index.php(67): CodeIgniter\CodeIgniter->run()
10 SYSTEMPATH\Commands\Server\rewrite.php(47): require_once('FCPATH\\index.php')
CRITICAL - 2023-03-24 13:30:14 --> Trying to access array offset on value of type null
in APPPATH\Views\Login\Update.php on line 23.
 1 APPPATH\Views\Login\Update.php(23): CodeIgniter\Debug\Exceptions->errorHandler(2, 'Trying to access array offset on value of type null', 'APPPATH\\Views\\Login\\Update.php', 23)
 2 SYSTEMPATH\View\View.php(213): include('APPPATH\\Views\\Login\\Update.php')
 3 SYSTEMPATH\View\View.php(216): CodeIgniter\View\View->CodeIgniter\View\{closure}()
 4 SYSTEMPATH\Common.php(1184): CodeIgniter\View\View->render('Login/Update', [], true)
 5 APPPATH\Controllers\Blog.php(72): view('Login/Update', [...])
 6 SYSTEMPATH\CodeIgniter.php(934): App\Controllers\Blog->update('50')
 7 SYSTEMPATH\CodeIgniter.php(499): CodeIgniter\CodeIgniter->runController(Object(App\Controllers\Blog))
 8 SYSTEMPATH\CodeIgniter.php(368): CodeIgniter\CodeIgniter->handleRequest(null, Object(Config\Cache), false)
 9 FCPATH\index.php(67): CodeIgniter\CodeIgniter->run()
10 SYSTEMPATH\Commands\Server\rewrite.php(47): require_once('FCPATH\\index.php')
CRITICAL - 2023-03-24 13:34:15 --> Undefined variable $user
in APPPATH\Views\Login\Update.php on line 22.
 1 APPPATH\Views\Login\Update.php(22): CodeIgniter\Debug\Exceptions->errorHandler(2, 'Undefined variable $user', 'APPPATH\\Views\\Login\\Update.php', 22)
 2 SYSTEMPATH\View\View.php(213): include('APPPATH\\Views\\Login\\Update.php')
 3 SYSTEMPATH\View\View.php(216): CodeIgniter\View\View->CodeIgniter\View\{closure}()
 4 SYSTEMPATH\Common.php(1184): CodeIgniter\View\View->render('Login/Update', [], true)
 5 APPPATH\Controllers\Blog.php(81): view('Login/Update', [...])
 6 SYSTEMPATH\CodeIgniter.php(934): App\Controllers\Blog->update('50')
 7 SYSTEMPATH\CodeIgniter.php(499): CodeIgniter\CodeIgniter->runController(Object(App\Controllers\Blog))
 8 SYSTEMPATH\CodeIgniter.php(368): CodeIgniter\CodeIgniter->handleRequest(null, Object(Config\Cache), false)
 9 FCPATH\index.php(67): CodeIgniter\CodeIgniter->run()
10 SYSTEMPATH\Commands\Server\rewrite.php(47): require_once('FCPATH\\index.php')
CRITICAL - 2023-03-24 13:34:32 --> Trying to access array offset on value of type null
in APPPATH\Views\Login\Update.php on line 23.
 1 APPPATH\Views\Login\Update.php(23): CodeIgniter\Debug\Exceptions->errorHandler(2, 'Trying to access array offset on value of type null', 'APPPATH\\Views\\Login\\Update.php', 23)
 2 SYSTEMPATH\View\View.php(213): include('APPPATH\\Views\\Login\\Update.php')
 3 SYSTEMPATH\View\View.php(216): CodeIgniter\View\View->CodeIgniter\View\{closure}()
 4 SYSTEMPATH\Common.php(1184): CodeIgniter\View\View->render('Login/Update', [], true)
 5 APPPATH\Controllers\Blog.php(81): view('Login/Update', [...])
 6 SYSTEMPATH\CodeIgniter.php(934): App\Controllers\Blog->update('50')
 7 SYSTEMPATH\CodeIgniter.php(499): CodeIgniter\CodeIgniter->runController(Object(App\Controllers\Blog))
 8 SYSTEMPATH\CodeIgniter.php(368): CodeIgniter\CodeIgniter->handleRequest(null, Object(Config\Cache), false)
 9 FCPATH\index.php(67): CodeIgniter\CodeIgniter->run()
10 SYSTEMPATH\Commands\Server\rewrite.php(47): require_once('FCPATH\\index.php')
CRITICAL - 2023-03-24 13:35:45 --> Call to a member function where() on array
in APPPATH\Controllers\Blog.php on line 71.
 1 SYSTEMPATH\CodeIgniter.php(934): App\Controllers\Blog->update('50')
 2 SYSTEMPATH\CodeIgniter.php(499): CodeIgniter\CodeIgniter->runController(Object(App\Controllers\Blog))
 3 SYSTEMPATH\CodeIgniter.php(368): CodeIgniter\CodeIgniter->handleRequest(null, Object(Config\Cache), false)
 4 FCPATH\index.php(67): CodeIgniter\CodeIgniter->run()
 5 SYSTEMPATH\Commands\Server\rewrite.php(47): require_once('FCPATH\\index.php')
CRITICAL - 2023-03-24 13:36:13 --> Trying to access array offset on value of type null
in APPPATH\Views\Login\Update.php on line 23.
 1 APPPATH\Views\Login\Update.php(23): CodeIgniter\Debug\Exceptions->errorHandler(2, 'Trying to access array offset on value of type null', 'APPPATH\\Views\\Login\\Update.php', 23)
 2 SYSTEMPATH\View\View.php(213): include('APPPATH\\Views\\Login\\Update.php')
 3 SYSTEMPATH\View\View.php(216): CodeIgniter\View\View->CodeIgniter\View\{closure}()
 4 SYSTEMPATH\Common.php(1184): CodeIgniter\View\View->render('Login/Update', [], true)
 5 APPPATH\Controllers\Blog.php(73): view('Login/Update', [...])
 6 SYSTEMPATH\CodeIgniter.php(934): App\Controllers\Blog->update('50')
 7 SYSTEMPATH\CodeIgniter.php(499): CodeIgniter\CodeIgniter->runController(Object(App\Controllers\Blog))
 8 SYSTEMPATH\CodeIgniter.php(368): CodeIgniter\CodeIgniter->handleRequest(null, Object(Config\Cache), false)
 9 FCPATH\index.php(67): CodeIgniter\CodeIgniter->run()
10 SYSTEMPATH\Commands\Server\rewrite.php(47): require_once('FCPATH\\index.php')
CRITICAL - 2023-03-24 13:36:33 --> Trying to access array offset on value of type null
in APPPATH\Views\Login\Update.php on line 24.
 1 APPPATH\Views\Login\Update.php(24): CodeIgniter\Debug\Exceptions->errorHandler(2, 'Trying to access array offset on value of type null', 'APPPATH\\Views\\Login\\Update.php', 24)
 2 SYSTEMPATH\View\View.php(213): include('APPPATH\\Views\\Login\\Update.php')
 3 SYSTEMPATH\View\View.php(216): CodeIgniter\View\View->CodeIgniter\View\{closure}()
 4 SYSTEMPATH\Common.php(1184): CodeIgniter\View\View->render('Login/Update', [], true)
 5 APPPATH\Controllers\Blog.php(73): view('Login/Update', [...])
 6 SYSTEMPATH\CodeIgniter.php(934): App\Controllers\Blog->update('50')
 7 SYSTEMPATH\CodeIgniter.php(499): CodeIgniter\CodeIgniter->runController(Object(App\Controllers\Blog))
 8 SYSTEMPATH\CodeIgniter.php(368): CodeIgniter\CodeIgniter->handleRequest(null, Object(Config\Cache), false)
 9 FCPATH\index.php(67): CodeIgniter\CodeIgniter->run()
10 SYSTEMPATH\Commands\Server\rewrite.php(47): require_once('FCPATH\\index.php')
CRITICAL - 2023-03-24 13:37:03 --> Cannot use object of type App\Models\UserModel as array
in APPPATH\Views\Login\Update.php on line 33.
 1 SYSTEMPATH\View\View.php(213): include()
 2 SYSTEMPATH\View\View.php(216): CodeIgniter\View\View->CodeIgniter\View\{closure}()
 3 SYSTEMPATH\Common.php(1184): CodeIgniter\View\View->render('Login/Update', [], true)
 4 APPPATH\Controllers\Blog.php(73): view('Login/Update', [...])
 5 SYSTEMPATH\CodeIgniter.php(934): App\Controllers\Blog->update('50')
 6 SYSTEMPATH\CodeIgniter.php(499): CodeIgniter\CodeIgniter->runController(Object(App\Controllers\Blog))
 7 SYSTEMPATH\CodeIgniter.php(368): CodeIgniter\CodeIgniter->handleRequest(null, Object(Config\Cache), false)
 8 FCPATH\index.php(67): CodeIgniter\CodeIgniter->run()
 9 SYSTEMPATH\Commands\Server\rewrite.php(47): require_once('FCPATH\\index.php')
CRITICAL - 2023-03-24 13:37:27 --> Cannot use object of type App\Models\UserModel as array
in APPPATH\Views\Login\Update.php on line 33.
 1 SYSTEMPATH\View\View.php(213): include()
 2 SYSTEMPATH\View\View.php(216): CodeIgniter\View\View->CodeIgniter\View\{closure}()
 3 SYSTEMPATH\Common.php(1184): CodeIgniter\View\View->render('Login/Update', [], true)
 4 APPPATH\Controllers\Blog.php(73): view('Login/Update', [...])
 5 SYSTEMPATH\CodeIgniter.php(934): App\Controllers\Blog->update('50')
 6 SYSTEMPATH\CodeIgniter.php(499): CodeIgniter\CodeIgniter->runController(Object(App\Controllers\Blog))
 7 SYSTEMPATH\CodeIgniter.php(368): CodeIgniter\CodeIgniter->handleRequest(null, Object(Config\Cache), false)
 8 FCPATH\index.php(67): CodeIgniter\CodeIgniter->run()
 9 SYSTEMPATH\Commands\Server\rewrite.php(47): require_once('FCPATH\\index.php')
CRITICAL - 2023-03-24 13:38:12 --> Object of class App\Models\UserModel could not be converted to string
in APPPATH\Controllers\Blog.php on line 71.
 1 SYSTEMPATH\CodeIgniter.php(934): App\Controllers\Blog->update('50')
 2 SYSTEMPATH\CodeIgniter.php(499): CodeIgniter\CodeIgniter->runController(Object(App\Controllers\Blog))
 3 SYSTEMPATH\CodeIgniter.php(368): CodeIgniter\CodeIgniter->handleRequest(null, Object(Config\Cache), false)
 4 FCPATH\index.php(67): CodeIgniter\CodeIgniter->run()
 5 SYSTEMPATH\Commands\Server\rewrite.php(47): require_once('FCPATH\\index.php')
CRITICAL - 2023-03-24 13:38:33 --> Undefined property: App\Controllers\Blog::$user
in APPPATH\Controllers\Blog.php on line 71.
 1 APPPATH\Controllers\Blog.php(71): CodeIgniter\Debug\Exceptions->errorHandler(2, 'Undefined property: App\\Controllers\\Blog::$user', 'APPPATH\\Controllers\\Blog.php', 71)
 2 SYSTEMPATH\CodeIgniter.php(934): App\Controllers\Blog->update('50')
 3 SYSTEMPATH\CodeIgniter.php(499): CodeIgniter\CodeIgniter->runController(Object(App\Controllers\Blog))
 4 SYSTEMPATH\CodeIgniter.php(368): CodeIgniter\CodeIgniter->handleRequest(null, Object(Config\Cache), false)
 5 FCPATH\index.php(67): CodeIgniter\CodeIgniter->run()
 6 SYSTEMPATH\Commands\Server\rewrite.php(47): require_once('FCPATH\\index.php')
CRITICAL - 2023-03-24 13:38:52 --> Undefined variable $user1
in APPPATH\Views\Login\Update.php on line 33.
 1 APPPATH\Views\Login\Update.php(33): CodeIgniter\Debug\Exceptions->errorHandler(2, 'Undefined variable $user1', 'APPPATH\\Views\\Login\\Update.php', 33)
 2 SYSTEMPATH\View\View.php(213): include('APPPATH\\Views\\Login\\Update.php')
 3 SYSTEMPATH\View\View.php(216): CodeIgniter\View\View->CodeIgniter\View\{closure}()
 4 SYSTEMPATH\Common.php(1184): CodeIgniter\View\View->render('Login/Update', [], true)
 5 APPPATH\Controllers\Blog.php(73): view('Login/Update', [...])
 6 SYSTEMPATH\CodeIgniter.php(934): App\Controllers\Blog->update('50')
 7 SYSTEMPATH\CodeIgniter.php(499): CodeIgniter\CodeIgniter->runController(Object(App\Controllers\Blog))
 8 SYSTEMPATH\CodeIgniter.php(368): CodeIgniter\CodeIgniter->handleRequest(null, Object(Config\Cache), false)
 9 FCPATH\index.php(67): CodeIgniter\CodeIgniter->run()
10 SYSTEMPATH\Commands\Server\rewrite.php(47): require_once('FCPATH\\index.php')
CRITICAL - 2023-03-24 13:39:01 --> Undefined array key "id"
in APPPATH\Views\Login\Update.php on line 33.
 1 APPPATH\Views\Login\Update.php(33): CodeIgniter\Debug\Exceptions->errorHandler(2, 'Undefined array key "id"', 'APPPATH\\Views\\Login\\Update.php', 33)
 2 SYSTEMPATH\View\View.php(213): include('APPPATH\\Views\\Login\\Update.php')
 3 SYSTEMPATH\View\View.php(216): CodeIgniter\View\View->CodeIgniter\View\{closure}()
 4 SYSTEMPATH\Common.php(1184): CodeIgniter\View\View->render('Login/Update', [], true)
 5 APPPATH\Controllers\Blog.php(73): view('Login/Update', [...])
 6 SYSTEMPATH\CodeIgniter.php(934): App\Controllers\Blog->update('50')
 7 SYSTEMPATH\CodeIgniter.php(499): CodeIgniter\CodeIgniter->runController(Object(App\Controllers\Blog))
 8 SYSTEMPATH\CodeIgniter.php(368): CodeIgniter\CodeIgniter->handleRequest(null, Object(Config\Cache), false)
 9 FCPATH\index.php(67): CodeIgniter\CodeIgniter->run()
10 SYSTEMPATH\Commands\Server\rewrite.php(47): require_once('FCPATH\\index.php')
