ERROR - 2023-03-19 11:20:43 --> mysqli_sql_exception: Column 'pic' cannot be null in C:\wamp64\www\CI_4\system\Database\MySQLi\Connection.php:295
Stack trace:
#0 C:\wamp64\www\CI_4\system\Database\MySQLi\Connection.php(295): mysqli->query('INSERT INTO `us...', 0)
#1 C:\wamp64\www\CI_4\system\Database\BaseConnection.php(691): CodeIgniter\Database\MySQLi\Connection->execute('INSERT INTO `us...')
#2 C:\wamp64\www\CI_4\system\Database\BaseConnection.php(605): CodeIgniter\Database\BaseConnection->simpleQuery('INSERT INTO `us...')
#3 C:\wamp64\www\CI_4\system\Database\BaseBuilder.php(2309): CodeIgniter\Database\BaseConnection->query('INSERT INTO `us...', Array, false)
#4 C:\wamp64\www\CI_4\system\Model.php(330): CodeIgniter\Database\BaseBuilder->insert()
#5 C:\wamp64\www\CI_4\system\BaseModel.php(782): CodeIgniter\Model->doInsert(Array)
#6 C:\wamp64\www\CI_4\system\Model.php(730): CodeIgniter\BaseModel->insert(Array, true)
#7 C:\wamp64\www\CI_4\app\Controllers\Blog.php(38): CodeIgniter\Model->insert(Array)
#8 C:\wamp64\www\CI_4\system\CodeIgniter.php(934): App\Controllers\Blog->insertRecord()
#9 C:\wamp64\www\CI_4\system\CodeIgniter.php(499): CodeIgniter\CodeIgniter->runController(Object(App\Controllers\Blog))
#10 C:\wamp64\www\CI_4\system\CodeIgniter.php(368): CodeIgniter\CodeIgniter->handleRequest(NULL, Object(Config\Cache), false)
#11 C:\wamp64\www\CI_4\public\index.php(67): CodeIgniter\CodeIgniter->run()
#12 {main}
CRITICAL - 2023-03-19 11:20:43 --> Column 'pic' cannot be null
in SYSTEMPATH\Database\BaseConnection.php on line 645.
 1 SYSTEMPATH\Database\BaseBuilder.php(2309): CodeIgniter\Database\BaseConnection->query('INSERT INTO `user` (`fname`, `lname`, `email`, `pic`) VALUES (:fname:, :lname:, :email:, :pic:)', [...], false)
 2 SYSTEMPATH\Model.php(330): CodeIgniter\Database\BaseBuilder->insert()
 3 SYSTEMPATH\BaseModel.php(782): CodeIgniter\Model->doInsert([...])
 4 SYSTEMPATH\Model.php(730): CodeIgniter\BaseModel->insert([...], true)
 5 APPPATH\Controllers\Blog.php(38): CodeIgniter\Model->insert([...])
 6 SYSTEMPATH\CodeIgniter.php(934): App\Controllers\Blog->insertRecord()
 7 SYSTEMPATH\CodeIgniter.php(499): CodeIgniter\CodeIgniter->runController(Object(App\Controllers\Blog))
 8 SYSTEMPATH\CodeIgniter.php(368): CodeIgniter\CodeIgniter->handleRequest(null, Object(Config\Cache), false)
 9 FCPATH\index.php(67): CodeIgniter\CodeIgniter->run()
ERROR - 2023-03-19 11:21:02 --> mysqli_sql_exception: Column 'pic' cannot be null in C:\wamp64\www\CI_4\system\Database\MySQLi\Connection.php:295
Stack trace:
#0 C:\wamp64\www\CI_4\system\Database\MySQLi\Connection.php(295): mysqli->query('INSERT INTO `us...', 0)
#1 C:\wamp64\www\CI_4\system\Database\BaseConnection.php(691): CodeIgniter\Database\MySQLi\Connection->execute('INSERT INTO `us...')
#2 C:\wamp64\www\CI_4\system\Database\BaseConnection.php(605): CodeIgniter\Database\BaseConnection->simpleQuery('INSERT INTO `us...')
#3 C:\wamp64\www\CI_4\system\Database\BaseBuilder.php(2309): CodeIgniter\Database\BaseConnection->query('INSERT INTO `us...', Array, false)
#4 C:\wamp64\www\CI_4\system\Model.php(330): CodeIgniter\Database\BaseBuilder->insert()
#5 C:\wamp64\www\CI_4\system\BaseModel.php(782): CodeIgniter\Model->doInsert(Array)
#6 C:\wamp64\www\CI_4\system\Model.php(730): CodeIgniter\BaseModel->insert(Array, true)
#7 C:\wamp64\www\CI_4\app\Controllers\Blog.php(38): CodeIgniter\Model->insert(Array)
#8 C:\wamp64\www\CI_4\system\CodeIgniter.php(934): App\Controllers\Blog->insertRecord()
#9 C:\wamp64\www\CI_4\system\CodeIgniter.php(499): CodeIgniter\CodeIgniter->runController(Object(App\Controllers\Blog))
#10 C:\wamp64\www\CI_4\system\CodeIgniter.php(368): CodeIgniter\CodeIgniter->handleRequest(NULL, Object(Config\Cache), false)
#11 C:\wamp64\www\CI_4\public\index.php(67): CodeIgniter\CodeIgniter->run()
#12 {main}
CRITICAL - 2023-03-19 11:21:02 --> Column 'pic' cannot be null
in SYSTEMPATH\Database\BaseConnection.php on line 645.
 1 SYSTEMPATH\Database\BaseBuilder.php(2309): CodeIgniter\Database\BaseConnection->query('INSERT INTO `user` (`fname`, `lname`, `email`, `pic`) VALUES (:fname:, :lname:, :email:, :pic:)', [...], false)
 2 SYSTEMPATH\Model.php(330): CodeIgniter\Database\BaseBuilder->insert()
 3 SYSTEMPATH\BaseModel.php(782): CodeIgniter\Model->doInsert([...])
 4 SYSTEMPATH\Model.php(730): CodeIgniter\BaseModel->insert([...], true)
 5 APPPATH\Controllers\Blog.php(38): CodeIgniter\Model->insert([...])
 6 SYSTEMPATH\CodeIgniter.php(934): App\Controllers\Blog->insertRecord()
 7 SYSTEMPATH\CodeIgniter.php(499): CodeIgniter\CodeIgniter->runController(Object(App\Controllers\Blog))
 8 SYSTEMPATH\CodeIgniter.php(368): CodeIgniter\CodeIgniter->handleRequest(null, Object(Config\Cache), false)
 9 FCPATH\index.php(67): CodeIgniter\CodeIgniter->run()
CRITICAL - 2023-03-19 11:24:30 --> Call to a member function getVar() on null
in APPPATH\Models\UserModel.php on line 22.
 1 APPPATH\Controllers\Blog.php(40): App\Models\UserModel->insertRec()
 2 SYSTEMPATH\CodeIgniter.php(934): App\Controllers\Blog->insertRecord()
 3 SYSTEMPATH\CodeIgniter.php(499): CodeIgniter\CodeIgniter->runController(Object(App\Controllers\Blog))
 4 SYSTEMPATH\CodeIgniter.php(368): CodeIgniter\CodeIgniter->handleRequest(null, Object(Config\Cache), false)
 5 FCPATH\index.php(67): CodeIgniter\CodeIgniter->run()
ERROR - 2023-03-19 11:36:50 --> mysqli_sql_exception: Operand should contain 1 column(s) in C:\wamp64\www\CI_4\system\Database\MySQLi\Connection.php:295
Stack trace:
#0 C:\wamp64\www\CI_4\system\Database\MySQLi\Connection.php(295): mysqli->query('INSERT INTO `us...', 0)
#1 C:\wamp64\www\CI_4\system\Database\BaseConnection.php(691): CodeIgniter\Database\MySQLi\Connection->execute('INSERT INTO `us...')
#2 C:\wamp64\www\CI_4\system\Database\BaseConnection.php(605): CodeIgniter\Database\BaseConnection->simpleQuery('INSERT INTO `us...')
#3 C:\wamp64\www\CI_4\system\Database\BaseBuilder.php(2309): CodeIgniter\Database\BaseConnection->query('INSERT INTO `us...', Array, false)
#4 C:\wamp64\www\CI_4\system\Model.php(330): CodeIgniter\Database\BaseBuilder->insert()
#5 C:\wamp64\www\CI_4\system\BaseModel.php(782): CodeIgniter\Model->doInsert(Array)
#6 C:\wamp64\www\CI_4\system\Model.php(730): CodeIgniter\BaseModel->insert(Array, true)
#7 C:\wamp64\www\CI_4\app\Controllers\Blog.php(43): CodeIgniter\Model->insert(Array)
#8 C:\wamp64\www\CI_4\system\CodeIgniter.php(934): App\Controllers\Blog->insertRecord()
#9 C:\wamp64\www\CI_4\system\CodeIgniter.php(499): CodeIgniter\CodeIgniter->runController(Object(App\Controllers\Blog))
#10 C:\wamp64\www\CI_4\system\CodeIgniter.php(368): CodeIgniter\CodeIgniter->handleRequest(NULL, Object(Config\Cache), false)
#11 C:\wamp64\www\CI_4\public\index.php(67): CodeIgniter\CodeIgniter->run()
#12 {main}
CRITICAL - 2023-03-19 11:36:50 --> Operand should contain 1 column(s)
in SYSTEMPATH\Database\BaseConnection.php on line 645.
 1 SYSTEMPATH\Database\BaseBuilder.php(2309): CodeIgniter\Database\BaseConnection->query('INSERT INTO `user` (`fname`, `lname`, `email`, `pic`) VALUES (:fname:, :lname:, :email:, :pic:)', [...], false)
 2 SYSTEMPATH\Model.php(330): CodeIgniter\Database\BaseBuilder->insert()
 3 SYSTEMPATH\BaseModel.php(782): CodeIgniter\Model->doInsert([...])
 4 SYSTEMPATH\Model.php(730): CodeIgniter\BaseModel->insert([...], true)
 5 APPPATH\Controllers\Blog.php(43): CodeIgniter\Model->insert([...])
 6 SYSTEMPATH\CodeIgniter.php(934): App\Controllers\Blog->insertRecord()
 7 SYSTEMPATH\CodeIgniter.php(499): CodeIgniter\CodeIgniter->runController(Object(App\Controllers\Blog))
 8 SYSTEMPATH\CodeIgniter.php(368): CodeIgniter\CodeIgniter->handleRequest(null, Object(Config\Cache), false)
 9 FCPATH\index.php(67): CodeIgniter\CodeIgniter->run()
CRITICAL - 2023-03-19 11:47:22 --> CodeIgniter\HTTP\IncomingRequest::getFile(): Argument #1 ($fileID) must be of type string, array given, called in C:\wamp64\www\CI_4\app\Controllers\Blog.php on line 40
in SYSTEMPATH\HTTP\IncomingRequest.php on line 934.
 1 APPPATH\Controllers\Blog.php(40): CodeIgniter\HTTP\IncomingRequest->getFile([...])
 2 SYSTEMPATH\CodeIgniter.php(934): App\Controllers\Blog->insertRecord()
 3 SYSTEMPATH\CodeIgniter.php(499): CodeIgniter\CodeIgniter->runController(Object(App\Controllers\Blog))
 4 SYSTEMPATH\CodeIgniter.php(368): CodeIgniter\CodeIgniter->handleRequest(null, Object(Config\Cache), false)
 5 FCPATH\index.php(67): CodeIgniter\CodeIgniter->run()
CRITICAL - 2023-03-19 11:47:46 --> Call to a member function getName() on null
in APPPATH\Controllers\Blog.php on line 32.
 1 SYSTEMPATH\CodeIgniter.php(934): App\Controllers\Blog->insertRecord()
 2 SYSTEMPATH\CodeIgniter.php(499): CodeIgniter\CodeIgniter->runController(Object(App\Controllers\Blog))
 3 SYSTEMPATH\CodeIgniter.php(368): CodeIgniter\CodeIgniter->handleRequest(null, Object(Config\Cache), false)
 4 FCPATH\index.php(67): CodeIgniter\CodeIgniter->run()
ERROR - 2023-03-19 11:48:13 --> mysqli_sql_exception: Column 'pic' cannot be null in C:\wamp64\www\CI_4\system\Database\MySQLi\Connection.php:295
Stack trace:
#0 C:\wamp64\www\CI_4\system\Database\MySQLi\Connection.php(295): mysqli->query('INSERT INTO `us...', 0)
#1 C:\wamp64\www\CI_4\system\Database\BaseConnection.php(691): CodeIgniter\Database\MySQLi\Connection->execute('INSERT INTO `us...')
#2 C:\wamp64\www\CI_4\system\Database\BaseConnection.php(605): CodeIgniter\Database\BaseConnection->simpleQuery('INSERT INTO `us...')
#3 C:\wamp64\www\CI_4\system\Database\BaseBuilder.php(2309): CodeIgniter\Database\BaseConnection->query('INSERT INTO `us...', Array, false)
#4 C:\wamp64\www\CI_4\system\Model.php(330): CodeIgniter\Database\BaseBuilder->insert()
#5 C:\wamp64\www\CI_4\system\BaseModel.php(782): CodeIgniter\Model->doInsert(Array)
#6 C:\wamp64\www\CI_4\system\Model.php(730): CodeIgniter\BaseModel->insert(Array, true)
#7 C:\wamp64\www\CI_4\app\Controllers\Blog.php(43): CodeIgniter\Model->insert(Array)
#8 C:\wamp64\www\CI_4\system\CodeIgniter.php(934): App\Controllers\Blog->insertRecord()
#9 C:\wamp64\www\CI_4\system\CodeIgniter.php(499): CodeIgniter\CodeIgniter->runController(Object(App\Controllers\Blog))
#10 C:\wamp64\www\CI_4\system\CodeIgniter.php(368): CodeIgniter\CodeIgniter->handleRequest(NULL, Object(Config\Cache), false)
#11 C:\wamp64\www\CI_4\public\index.php(67): CodeIgniter\CodeIgniter->run()
#12 {main}
CRITICAL - 2023-03-19 11:48:13 --> Column 'pic' cannot be null
in SYSTEMPATH\Database\BaseConnection.php on line 645.
 1 SYSTEMPATH\Database\BaseBuilder.php(2309): CodeIgniter\Database\BaseConnection->query('INSERT INTO `user` (`fname`, `lname`, `email`, `pic`) VALUES (:fname:, :lname:, :email:, :pic:)', [...], false)
 2 SYSTEMPATH\Model.php(330): CodeIgniter\Database\BaseBuilder->insert()
 3 SYSTEMPATH\BaseModel.php(782): CodeIgniter\Model->doInsert([...])
 4 SYSTEMPATH\Model.php(730): CodeIgniter\BaseModel->insert([...], true)
 5 APPPATH\Controllers\Blog.php(43): CodeIgniter\Model->insert([...])
 6 SYSTEMPATH\CodeIgniter.php(934): App\Controllers\Blog->insertRecord()
 7 SYSTEMPATH\CodeIgniter.php(499): CodeIgniter\CodeIgniter->runController(Object(App\Controllers\Blog))
 8 SYSTEMPATH\CodeIgniter.php(368): CodeIgniter\CodeIgniter->handleRequest(null, Object(Config\Cache), false)
 9 FCPATH\index.php(67): CodeIgniter\CodeIgniter->run()
ERROR - 2023-03-19 11:48:26 --> mysqli_sql_exception: Column 'pic' cannot be null in C:\wamp64\www\CI_4\system\Database\MySQLi\Connection.php:295
Stack trace:
#0 C:\wamp64\www\CI_4\system\Database\MySQLi\Connection.php(295): mysqli->query('INSERT INTO `us...', 0)
#1 C:\wamp64\www\CI_4\system\Database\BaseConnection.php(691): CodeIgniter\Database\MySQLi\Connection->execute('INSERT INTO `us...')
#2 C:\wamp64\www\CI_4\system\Database\BaseConnection.php(605): CodeIgniter\Database\BaseConnection->simpleQuery('INSERT INTO `us...')
#3 C:\wamp64\www\CI_4\system\Database\BaseBuilder.php(2309): CodeIgniter\Database\BaseConnection->query('INSERT INTO `us...', Array, false)
#4 C:\wamp64\www\CI_4\system\Model.php(330): CodeIgniter\Database\BaseBuilder->insert()
#5 C:\wamp64\www\CI_4\system\BaseModel.php(782): CodeIgniter\Model->doInsert(Array)
#6 C:\wamp64\www\CI_4\system\Model.php(730): CodeIgniter\BaseModel->insert(Array, true)
#7 C:\wamp64\www\CI_4\app\Controllers\Blog.php(43): CodeIgniter\Model->insert(Array)
#8 C:\wamp64\www\CI_4\system\CodeIgniter.php(934): App\Controllers\Blog->insertRecord()
#9 C:\wamp64\www\CI_4\system\CodeIgniter.php(499): CodeIgniter\CodeIgniter->runController(Object(App\Controllers\Blog))
#10 C:\wamp64\www\CI_4\system\CodeIgniter.php(368): CodeIgniter\CodeIgniter->handleRequest(NULL, Object(Config\Cache), false)
#11 C:\wamp64\www\CI_4\public\index.php(67): CodeIgniter\CodeIgniter->run()
#12 {main}
CRITICAL - 2023-03-19 11:48:26 --> Column 'pic' cannot be null
in SYSTEMPATH\Database\BaseConnection.php on line 645.
 1 SYSTEMPATH\Database\BaseBuilder.php(2309): CodeIgniter\Database\BaseConnection->query('INSERT INTO `user` (`fname`, `lname`, `email`, `pic`) VALUES (:fname:, :lname:, :email:, :pic:)', [...], false)
 2 SYSTEMPATH\Model.php(330): CodeIgniter\Database\BaseBuilder->insert()
 3 SYSTEMPATH\BaseModel.php(782): CodeIgniter\Model->doInsert([...])
 4 SYSTEMPATH\Model.php(730): CodeIgniter\BaseModel->insert([...], true)
 5 APPPATH\Controllers\Blog.php(43): CodeIgniter\Model->insert([...])
 6 SYSTEMPATH\CodeIgniter.php(934): App\Controllers\Blog->insertRecord()
 7 SYSTEMPATH\CodeIgniter.php(499): CodeIgniter\CodeIgniter->runController(Object(App\Controllers\Blog))
 8 SYSTEMPATH\CodeIgniter.php(368): CodeIgniter\CodeIgniter->handleRequest(null, Object(Config\Cache), false)
 9 FCPATH\index.php(67): CodeIgniter\CodeIgniter->run()
